mode: set
defs.dev/schema/functions/consumer.go:31.29,35.2 1 0
defs.dev/schema/functions/consumer.go:37.133,39.18 2 0
defs.dev/schema/functions/consumer.go:39.18,44.3 1 0
defs.dev/schema/functions/consumer.go:46.2,50.13 4 0
defs.dev/schema/functions/consumer.go:50.13,55.3 1 0
defs.dev/schema/functions/consumer.go:58.2,59.16 2 0
defs.dev/schema/functions/consumer.go:59.16,65.3 1 0
defs.dev/schema/functions/consumer.go:68.2,68.35 1 0
defs.dev/schema/functions/consumer.go:71.64,77.2 4 0
defs.dev/schema/functions/consumer.go:79.48,84.32 4 0
defs.dev/schema/functions/consumer.go:84.32,86.3 1 0
defs.dev/schema/functions/consumer.go:88.2,88.16 1 0
defs.dev/schema/functions/consumer.go:92.43,93.53 1 0
defs.dev/schema/functions/consumer.go:93.53,95.3 1 0
defs.dev/schema/functions/consumer.go:98.2,98.64 1 0
defs.dev/schema/functions/consumer.go:98.64,100.3 1 0
defs.dev/schema/functions/consumer.go:102.2,102.11 1 0
defs.dev/schema/functions/portal.go:33.38,34.20 1 0
defs.dev/schema/functions/portal.go:34.20,37.3 1 0
defs.dev/schema/functions/portal.go:38.2,38.92 1 0
defs.dev/schema/functions/portal.go:41.38,43.2 1 0
defs.dev/schema/functions/portal.go:53.40,54.21 1 0
defs.dev/schema/functions/portal.go:54.21,57.3 1 0
defs.dev/schema/functions/portal.go:58.2,58.92 1 0
defs.dev/schema/functions/portal.go:68.40,69.20 1 0
defs.dev/schema/functions/portal.go:69.20,72.3 1 0
defs.dev/schema/functions/portal.go:73.2,73.81 1 0
defs.dev/schema/functions/portal.go:76.40,78.2 1 0
defs.dev/schema/functions/registry.go:50.52,56.2 1 0
defs.dev/schema/functions/registry.go:66.107,69.9 2 0
defs.dev/schema/functions/registry.go:69.9,70.79 1 0
defs.dev/schema/functions/registry.go:72.2,72.51 1 0
defs.dev/schema/functions/registry.go:75.74,78.9 2 0
defs.dev/schema/functions/registry.go:78.9,79.79 1 0
defs.dev/schema/functions/registry.go:81.2,81.50 1 0
defs.dev/schema/functions/registry.go:84.113,88.44 3 0
defs.dev/schema/functions/registry.go:88.44,94.3 1 0
defs.dev/schema/functions/registry.go:97.2,106.21 5 0
defs.dev/schema/functions/registry.go:109.112,113.2 3 0
defs.dev/schema/functions/registry.go:115.64,120.13 4 0
defs.dev/schema/functions/registry.go:120.13,126.3 1 0
defs.dev/schema/functions/registry.go:128.2,128.21 1 0
defs.dev/schema/functions/registry.go:131.74,136.13 4 0
defs.dev/schema/functions/registry.go:136.13,142.3 1 0
defs.dev/schema/functions/registry.go:144.2,144.22 1 0
defs.dev/schema/functions/registry.go:147.54,153.2 4 0
defs.dev/schema/functions/registry.go:155.49,161.2 4 0
defs.dev/schema/functions/registry.go:163.41,168.32 4 0
defs.dev/schema/functions/registry.go:168.32,170.3 1 0
defs.dev/schema/functions/registry.go:172.2,172.14 1 0
defs.dev/schema/functions/registry.go:175.50,179.45 3 0
defs.dev/schema/functions/registry.go:179.45,185.3 1 0
defs.dev/schema/functions/registry.go:187.2,190.12 3 0
defs.dev/schema/functions/registry.go:193.45,195.2 1 0
defs.dev/schema/basic.go:20.42,22.2 1 1
defs.dev/schema/basic.go:24.50,26.2 1 1
defs.dev/schema/basic.go:28.69,32.2 3 1
defs.dev/schema/basic.go:34.39,37.2 2 1
defs.dev/schema/basic.go:39.61,41.9 2 1
defs.dev/schema/basic.go:41.9,53.3 1 1
defs.dev/schema/basic.go:55.2,58.51 2 1
defs.dev/schema/basic.go:58.51,66.3 1 1
defs.dev/schema/basic.go:68.2,68.51 1 1
defs.dev/schema/basic.go:68.51,76.3 1 0
defs.dev/schema/basic.go:79.2,79.27 1 1
defs.dev/schema/basic.go:79.27,81.37 2 1
defs.dev/schema/basic.go:81.37,82.19 1 1
defs.dev/schema/basic.go:82.19,84.10 2 1
defs.dev/schema/basic.go:87.3,87.13 1 1
defs.dev/schema/basic.go:87.13,96.4 1 0
defs.dev/schema/basic.go:100.2,100.21 1 1
defs.dev/schema/basic.go:100.21,102.17 2 1
defs.dev/schema/basic.go:102.17,110.4 1 0
defs.dev/schema/basic.go:110.9,110.22 1 1
defs.dev/schema/basic.go:110.22,119.4 1 0
defs.dev/schema/basic.go:123.2,123.20 1 1
defs.dev/schema/basic.go:123.20,124.55 1 1
defs.dev/schema/basic.go:124.55,133.4 1 1
defs.dev/schema/basic.go:136.2,139.3 1 1
defs.dev/schema/basic.go:142.54,147.24 2 1
defs.dev/schema/basic.go:147.24,149.3 1 1
defs.dev/schema/basic.go:150.2,150.24 1 1
defs.dev/schema/basic.go:150.24,152.3 1 1
defs.dev/schema/basic.go:153.2,153.21 1 1
defs.dev/schema/basic.go:153.21,155.3 1 1
defs.dev/schema/basic.go:156.2,156.20 1 1
defs.dev/schema/basic.go:156.20,158.3 1 1
defs.dev/schema/basic.go:159.2,159.27 1 1
defs.dev/schema/basic.go:159.27,161.3 1 1
defs.dev/schema/basic.go:162.2,162.34 1 1
defs.dev/schema/basic.go:162.34,164.3 1 1
defs.dev/schema/basic.go:165.2,165.34 1 1
defs.dev/schema/basic.go:165.34,167.3 1 1
defs.dev/schema/basic.go:169.2,169.15 1 1
defs.dev/schema/basic.go:172.46,174.34 1 1
defs.dev/schema/basic.go:174.34,176.3 1 0
defs.dev/schema/basic.go:179.2,179.27 1 1
defs.dev/schema/basic.go:179.27,181.3 1 1
defs.dev/schema/basic.go:184.2,184.25 1 1
defs.dev/schema/basic.go:184.25,186.3 1 0
defs.dev/schema/basic.go:189.2,189.20 1 1
defs.dev/schema/basic.go:189.20,191.3 1 0
defs.dev/schema/basic.go:194.2,195.55 2 1
defs.dev/schema/basic.go:195.55,197.3 1 0
defs.dev/schema/basic.go:199.2,199.16 1 1
defs.dev/schema/basic.go:211.55,214.33 2 1
defs.dev/schema/basic.go:214.33,216.3 1 1
defs.dev/schema/basic.go:217.2,217.14 1 1
defs.dev/schema/basic.go:220.44,223.2 1 1
defs.dev/schema/basic.go:225.52,227.2 1 1
defs.dev/schema/basic.go:229.42,231.2 1 1
defs.dev/schema/basic.go:233.50,235.2 1 1
defs.dev/schema/basic.go:237.69,241.2 3 1
defs.dev/schema/basic.go:243.39,246.33 3 1
defs.dev/schema/basic.go:246.33,248.3 1 1
defs.dev/schema/basic.go:249.2,250.15 2 1
defs.dev/schema/basic.go:253.61,255.9 2 1
defs.dev/schema/basic.go:255.9,267.3 1 0
defs.dev/schema/basic.go:269.2,272.37 2 1
defs.dev/schema/basic.go:272.37,273.41 1 1
defs.dev/schema/basic.go:273.41,281.4 1 0
defs.dev/schema/basic.go:285.2,285.39 1 1
defs.dev/schema/basic.go:285.39,287.14 2 1
defs.dev/schema/basic.go:287.14,288.26 1 1
defs.dev/schema/basic.go:288.26,296.5 1 0
defs.dev/schema/basic.go:297.4,297.12 1 1
defs.dev/schema/basic.go:301.3,302.20 2 1
defs.dev/schema/basic.go:302.20,303.38 1 1
defs.dev/schema/basic.go:303.38,304.23 1 1
defs.dev/schema/basic.go:304.23,306.6 1 1
defs.dev/schema/basic.go:306.11,308.6 1 0
defs.dev/schema/basic.go:309.5,309.33 1 1
defs.dev/schema/basic.go:314.2,317.3 1 1
defs.dev/schema/basic.go:320.54,325.27 2 1
defs.dev/schema/basic.go:325.27,327.46 2 1
defs.dev/schema/basic.go:327.46,329.4 1 1
defs.dev/schema/basic.go:330.3,330.31 1 1
defs.dev/schema/basic.go:333.2,333.25 1 1
defs.dev/schema/basic.go:333.25,335.3 1 1
defs.dev/schema/basic.go:337.2,339.34 2 1
defs.dev/schema/basic.go:339.34,341.3 1 0
defs.dev/schema/basic.go:343.2,343.34 1 1
defs.dev/schema/basic.go:343.34,345.3 1 0
defs.dev/schema/basic.go:347.2,347.15 1 1
defs.dev/schema/basic.go:350.46,352.34 1 1
defs.dev/schema/basic.go:352.34,354.3 1 0
defs.dev/schema/basic.go:356.2,359.45 2 1
defs.dev/schema/basic.go:359.45,361.3 1 1
defs.dev/schema/basic.go:363.2,363.16 1 1
defs.dev/schema/basic.go:367.49,368.16 1 1
defs.dev/schema/basic.go:369.15,371.37 2 1
defs.dev/schema/basic.go:371.37,373.4 1 1
defs.dev/schema/basic.go:374.14,376.36 2 1
defs.dev/schema/basic.go:376.36,378.4 1 1
defs.dev/schema/basic.go:379.13,381.35 2 1
defs.dev/schema/basic.go:381.35,383.4 1 0
defs.dev/schema/basic.go:385.2,385.12 1 1
defs.dev/schema/basic.go:388.48,389.16 1 1
defs.dev/schema/basic.go:390.15,391.65 1 1
defs.dev/schema/basic.go:392.14,393.76 1 1
defs.dev/schema/basic.go:394.13,395.58 1 1
defs.dev/schema/basic.go:396.10,397.58 1 1
defs.dev/schema/basic.go:401.50,402.16 1 1
defs.dev/schema/basic.go:403.15,404.28 1 1
defs.dev/schema/basic.go:405.14,406.48 1 1
defs.dev/schema/basic.go:407.13,408.31 1 1
defs.dev/schema/basic.go:409.10,410.19 1 1
defs.dev/schema/builder.go:6.30,12.2 1 1
defs.dev/schema/builder.go:18.65,21.2 2 1
defs.dev/schema/builder.go:23.58,26.2 2 1
defs.dev/schema/builder.go:28.59,31.2 2 1
defs.dev/schema/builder.go:33.59,36.2 2 1
defs.dev/schema/builder.go:38.64,41.2 2 1
defs.dev/schema/builder.go:43.63,46.2 2 1
defs.dev/schema/builder.go:48.62,51.2 2 1
defs.dev/schema/builder.go:53.48,55.41 2 1
defs.dev/schema/builder.go:55.41,57.3 1 1
defs.dev/schema/builder.go:58.2,59.10 2 1
defs.dev/schema/builder.go:62.47,64.41 2 1
defs.dev/schema/builder.go:64.41,66.3 1 1
defs.dev/schema/builder.go:67.2,68.10 2 1
defs.dev/schema/builder.go:71.46,73.41 2 1
defs.dev/schema/builder.go:73.41,75.3 1 1
defs.dev/schema/builder.go:76.2,77.10 2 1
defs.dev/schema/builder.go:80.64,83.2 2 1
defs.dev/schema/builder.go:85.56,88.2 2 1
defs.dev/schema/builder.go:90.40,92.2 1 1
defs.dev/schema/builder.go:95.30,103.2 1 1
defs.dev/schema/builder.go:109.77,112.2 2 1
defs.dev/schema/builder.go:114.66,117.2 2 1
defs.dev/schema/builder.go:119.75,122.2 2 1
defs.dev/schema/builder.go:124.65,127.2 2 1
defs.dev/schema/builder.go:129.58,132.2 2 1
defs.dev/schema/builder.go:134.72,137.2 2 1
defs.dev/schema/builder.go:139.56,142.2 2 1
defs.dev/schema/builder.go:144.40,146.2 1 1
defs.dev/schema/builder.go:149.30,155.2 1 1
defs.dev/schema/builder.go:163.42,165.2 1 1
defs.dev/schema/builder.go:167.50,169.2 1 1
defs.dev/schema/builder.go:171.69,175.2 3 1
defs.dev/schema/builder.go:177.39,180.2 2 1
defs.dev/schema/builder.go:182.61,186.27 3 1
defs.dev/schema/builder.go:187.15,188.20 1 1
defs.dev/schema/builder.go:189.15,190.29 1 0
defs.dev/schema/builder.go:191.11,192.29 1 0
defs.dev/schema/builder.go:193.13,194.29 1 0
defs.dev/schema/builder.go:195.13,196.29 1 0
defs.dev/schema/builder.go:199.2,199.9 1 1
defs.dev/schema/builder.go:199.9,211.3 1 1
defs.dev/schema/builder.go:213.2,215.42 2 1
defs.dev/schema/builder.go:215.42,223.3 1 1
defs.dev/schema/builder.go:225.2,225.42 1 1
defs.dev/schema/builder.go:225.42,233.3 1 0
defs.dev/schema/builder.go:235.2,238.3 1 1
defs.dev/schema/builder.go:241.54,246.22 2 1
defs.dev/schema/builder.go:246.22,248.3 1 1
defs.dev/schema/builder.go:249.2,249.22 1 1
defs.dev/schema/builder.go:249.22,251.3 1 0
defs.dev/schema/builder.go:252.2,252.34 1 1
defs.dev/schema/builder.go:252.34,254.3 1 0
defs.dev/schema/builder.go:255.2,255.34 1 1
defs.dev/schema/builder.go:255.34,257.3 1 0
defs.dev/schema/builder.go:259.2,259.15 1 1
defs.dev/schema/builder.go:262.46,263.34 1 1
defs.dev/schema/builder.go:263.34,265.3 1 0
defs.dev/schema/builder.go:267.2,267.42 1 1
defs.dev/schema/builder.go:267.42,269.3 1 0
defs.dev/schema/builder.go:271.2,271.22 1 1
defs.dev/schema/builder.go:271.22,273.3 1 1
defs.dev/schema/builder.go:275.2,275.22 1 1
defs.dev/schema/builder.go:275.22,277.3 1 0
defs.dev/schema/builder.go:279.2,279.13 1 1
defs.dev/schema/builder.go:286.57,289.2 2 1
defs.dev/schema/builder.go:291.57,294.2 2 1
defs.dev/schema/builder.go:296.64,300.2 3 1
defs.dev/schema/builder.go:302.65,305.2 2 1
defs.dev/schema/builder.go:307.58,310.2 2 1
defs.dev/schema/builder.go:312.65,315.2 2 1
defs.dev/schema/builder.go:317.40,319.2 1 1
defs.dev/schema/builder.go:322.32,328.2 1 1
defs.dev/schema/builder.go:336.43,338.2 1 1
defs.dev/schema/builder.go:340.51,342.2 1 1
defs.dev/schema/builder.go:344.70,348.2 3 1
defs.dev/schema/builder.go:350.40,353.2 2 1
defs.dev/schema/builder.go:355.62,359.27 3 1
defs.dev/schema/builder.go:360.11,361.27 1 1
defs.dev/schema/builder.go:362.13,363.27 1 0
defs.dev/schema/builder.go:364.13,365.20 1 1
defs.dev/schema/builder.go:366.15,367.29 1 1
defs.dev/schema/builder.go:367.29,369.4 1 0
defs.dev/schema/builder.go:372.2,372.9 1 1
defs.dev/schema/builder.go:372.9,384.3 1 1
defs.dev/schema/builder.go:386.2,388.42 2 1
defs.dev/schema/builder.go:388.42,396.3 1 0
defs.dev/schema/builder.go:398.2,398.42 1 1
defs.dev/schema/builder.go:398.42,406.3 1 0
defs.dev/schema/builder.go:408.2,411.3 1 1
defs.dev/schema/builder.go:414.55,419.22 2 1
defs.dev/schema/builder.go:419.22,421.3 1 1
defs.dev/schema/builder.go:422.2,422.22 1 1
defs.dev/schema/builder.go:422.22,424.3 1 1
defs.dev/schema/builder.go:425.2,425.34 1 1
defs.dev/schema/builder.go:425.34,427.3 1 1
defs.dev/schema/builder.go:428.2,428.34 1 1
defs.dev/schema/builder.go:428.34,430.3 1 0
defs.dev/schema/builder.go:432.2,432.15 1 1
defs.dev/schema/builder.go:435.47,436.34 1 0
defs.dev/schema/builder.go:436.34,438.3 1 0
defs.dev/schema/builder.go:440.2,440.42 1 0
defs.dev/schema/builder.go:440.42,442.3 1 0
defs.dev/schema/builder.go:444.2,444.22 1 0
defs.dev/schema/builder.go:444.22,446.3 1 0
defs.dev/schema/builder.go:448.2,448.22 1 0
defs.dev/schema/builder.go:448.22,450.3 1 0
defs.dev/schema/builder.go:452.2,452.18 1 0
defs.dev/schema/builder.go:459.57,462.2 2 1
defs.dev/schema/builder.go:464.57,467.2 2 1
defs.dev/schema/builder.go:469.64,473.2 3 1
defs.dev/schema/builder.go:475.67,478.2 2 1
defs.dev/schema/builder.go:480.60,483.2 2 1
defs.dev/schema/builder.go:485.65,488.2 2 1
defs.dev/schema/builder.go:490.41,492.2 1 1
defs.dev/schema/builder.go:495.32,501.2 1 1
defs.dev/schema/builder.go:507.43,509.2 1 1
defs.dev/schema/builder.go:511.51,513.2 1 1
defs.dev/schema/builder.go:515.70,519.2 3 0
defs.dev/schema/builder.go:521.40,524.2 2 1
defs.dev/schema/builder.go:526.62,528.9 2 1
defs.dev/schema/builder.go:528.9,540.3 1 1
defs.dev/schema/builder.go:542.2,542.38 1 1
defs.dev/schema/builder.go:545.55,550.34 2 1
defs.dev/schema/builder.go:550.34,552.3 1 0
defs.dev/schema/builder.go:553.2,553.34 1 1
defs.dev/schema/builder.go:553.34,555.3 1 0
defs.dev/schema/builder.go:557.2,557.15 1 1
defs.dev/schema/builder.go:560.47,561.34 1 0
defs.dev/schema/builder.go:561.34,563.3 1 0
defs.dev/schema/builder.go:564.2,564.13 1 0
defs.dev/schema/builder.go:571.67,574.2 2 1
defs.dev/schema/builder.go:576.60,579.2 2 0
defs.dev/schema/builder.go:581.64,584.2 2 1
defs.dev/schema/builder.go:586.41,588.2 1 1
defs.dev/schema/builder.go:591.28,597.2 1 1
defs.dev/schema/builder.go:607.43,609.2 1 1
defs.dev/schema/builder.go:611.39,612.23 1 1
defs.dev/schema/builder.go:612.23,614.3 1 0
defs.dev/schema/builder.go:615.2,616.13 2 1
defs.dev/schema/builder.go:619.39,620.23 1 1
defs.dev/schema/builder.go:620.23,622.3 1 0
defs.dev/schema/builder.go:623.2,624.13 2 1
defs.dev/schema/builder.go:627.50,629.2 1 1
defs.dev/schema/builder.go:631.41,633.2 1 1
defs.dev/schema/builder.go:635.49,637.2 1 1
defs.dev/schema/builder.go:639.68,643.2 3 0
defs.dev/schema/builder.go:645.38,647.25 2 1
defs.dev/schema/builder.go:647.25,649.3 1 1
defs.dev/schema/builder.go:650.2,650.15 1 1
defs.dev/schema/builder.go:653.60,655.9 2 1
defs.dev/schema/builder.go:655.9,667.3 1 0
defs.dev/schema/builder.go:669.2,672.49 2 1
defs.dev/schema/builder.go:672.49,680.3 1 1
defs.dev/schema/builder.go:682.2,682.49 1 1
defs.dev/schema/builder.go:682.49,690.3 1 0
defs.dev/schema/builder.go:693.2,693.25 1 1
defs.dev/schema/builder.go:693.25,694.28 1 1
defs.dev/schema/builder.go:694.28,696.21 2 1
defs.dev/schema/builder.go:696.21,697.39 1 0
defs.dev/schema/builder.go:697.39,698.24 1 0
defs.dev/schema/builder.go:698.24,700.7 1 0
defs.dev/schema/builder.go:700.12,702.7 1 0
defs.dev/schema/builder.go:703.6,703.34 1 0
defs.dev/schema/builder.go:710.2,710.19 1 1
defs.dev/schema/builder.go:710.19,712.28 2 1
defs.dev/schema/builder.go:712.28,714.17 2 1
defs.dev/schema/builder.go:714.17,722.5 1 0
defs.dev/schema/builder.go:723.4,723.20 1 1
defs.dev/schema/builder.go:727.2,730.3 1 1
defs.dev/schema/builder.go:733.53,738.25 2 1
defs.dev/schema/builder.go:738.25,740.3 1 1
defs.dev/schema/builder.go:741.2,741.23 1 1
defs.dev/schema/builder.go:741.23,743.3 1 0
defs.dev/schema/builder.go:744.2,744.23 1 1
defs.dev/schema/builder.go:744.23,746.3 1 1
defs.dev/schema/builder.go:747.2,747.19 1 1
defs.dev/schema/builder.go:747.19,749.3 1 0
defs.dev/schema/builder.go:750.2,750.34 1 1
defs.dev/schema/builder.go:750.34,752.3 1 1
defs.dev/schema/builder.go:753.2,753.34 1 1
defs.dev/schema/builder.go:753.34,755.3 1 0
defs.dev/schema/builder.go:757.2,757.15 1 1
defs.dev/schema/builder.go:760.45,761.34 1 0
defs.dev/schema/builder.go:761.34,763.3 1 0
defs.dev/schema/builder.go:765.2,765.25 1 0
defs.dev/schema/builder.go:765.25,767.3 1 0
defs.dev/schema/builder.go:770.2,771.46 2 0
defs.dev/schema/builder.go:771.46,773.3 1 0
defs.dev/schema/builder.go:774.2,774.46 1 0
defs.dev/schema/builder.go:774.46,776.3 1 0
defs.dev/schema/builder.go:778.2,779.29 2 0
defs.dev/schema/builder.go:779.29,781.3 1 0
defs.dev/schema/builder.go:783.2,783.15 1 0
defs.dev/schema/builder.go:790.63,793.2 2 1
defs.dev/schema/builder.go:795.56,798.2 2 1
defs.dev/schema/builder.go:800.56,803.2 2 1
defs.dev/schema/builder.go:805.52,808.2 2 1
defs.dev/schema/builder.go:810.63,813.2 2 1
defs.dev/schema/builder.go:815.56,818.2 2 1
defs.dev/schema/builder.go:820.61,823.2 2 1
defs.dev/schema/builder.go:825.39,827.2 1 1
defs.dev/schema/function.go:22.53,25.29 2 1
defs.dev/schema/function.go:25.29,27.3 1 1
defs.dev/schema/function.go:28.2,28.15 1 1
defs.dev/schema/function.go:31.43,33.2 1 1
defs.dev/schema/function.go:35.42,37.2 1 1
defs.dev/schema/function.go:39.46,42.2 1 1
defs.dev/schema/function.go:44.44,46.2 1 1
defs.dev/schema/function.go:48.52,50.2 1 1
defs.dev/schema/function.go:52.71,56.2 3 0
defs.dev/schema/function.go:58.41,61.29 3 0
defs.dev/schema/function.go:61.29,63.3 1 0
defs.dev/schema/function.go:64.2,64.22 1 0
defs.dev/schema/function.go:64.22,66.3 1 0
defs.dev/schema/function.go:67.2,67.21 1 0
defs.dev/schema/function.go:67.21,69.3 1 0
defs.dev/schema/function.go:70.2,71.15 2 0
defs.dev/schema/function.go:74.63,79.2 1 0
defs.dev/schema/function.go:81.56,83.42 2 1
defs.dev/schema/function.go:83.42,85.3 1 1
defs.dev/schema/function.go:87.2,92.25 2 1
defs.dev/schema/function.go:92.25,94.3 1 1
defs.dev/schema/function.go:96.2,96.34 1 1
defs.dev/schema/function.go:96.34,98.3 1 1
defs.dev/schema/function.go:101.2,101.22 1 1
defs.dev/schema/function.go:101.22,103.3 1 1
defs.dev/schema/function.go:104.2,104.21 1 1
defs.dev/schema/function.go:104.21,106.3 1 1
defs.dev/schema/function.go:108.2,108.15 1 1
defs.dev/schema/function.go:111.48,113.42 2 1
defs.dev/schema/function.go:113.42,115.3 1 1
defs.dev/schema/function.go:116.2,116.16 1 1
defs.dev/schema/function.go:120.49,127.2 1 1
defs.dev/schema/function.go:133.90,136.2 2 1
defs.dev/schema/function.go:138.78,141.2 2 1
defs.dev/schema/function.go:143.77,146.2 2 1
defs.dev/schema/function.go:148.82,151.2 2 1
defs.dev/schema/function.go:153.81,156.2 2 1
defs.dev/schema/function.go:158.74,161.2 2 1
defs.dev/schema/function.go:163.88,166.2 2 0
defs.dev/schema/function.go:168.72,171.2 2 0
defs.dev/schema/function.go:173.48,175.2 1 1
defs.dev/schema/function.go:191.39,193.2 1 0
defs.dev/schema/function.go:201.52,203.2 1 0
defs.dev/schema/function.go:206.98,208.2 1 0
defs.dev/schema/function.go:211.86,213.16 2 0
defs.dev/schema/function.go:213.16,215.3 1 0
defs.dev/schema/function.go:217.2,218.16 2 0
defs.dev/schema/function.go:218.16,220.3 1 0
defs.dev/schema/function.go:223.2,224.16 2 0
defs.dev/schema/function.go:224.16,226.3 1 0
defs.dev/schema/function.go:228.2,228.57 1 0
defs.dev/schema/function.go:228.57,230.3 1 0
defs.dev/schema/function.go:232.2,232.12 1 0
defs.dev/schema/function.go:236.51,238.2 1 0
defs.dev/schema/function.go:241.40,243.2 1 0
defs.dev/schema/function_types.go:20.60,21.19 1 1
defs.dev/schema/function_types.go:21.19,23.3 1 0
defs.dev/schema/function_types.go:24.2,24.30 1 1
defs.dev/schema/function_types.go:28.48,30.2 1 1
defs.dev/schema/function_types.go:33.54,36.2 2 0
defs.dev/schema/function_types.go:39.53,41.2 1 0
defs.dev/schema/function_types.go:44.47,47.2 2 0
defs.dev/schema/function_types.go:50.41,52.20 2 0
defs.dev/schema/function_types.go:52.20,54.3 1 0
defs.dev/schema/function_types.go:55.2,55.13 1 0
defs.dev/schema/function_types.go:59.51,61.2 1 1
defs.dev/schema/function_types.go:64.38,66.2 1 1
defs.dev/schema/function_types.go:71.51,73.2 1 1
defs.dev/schema/function_types.go:76.41,78.2 1 0
defs.dev/schema/function_types.go:81.38,83.2 1 0
defs.dev/schema/function_types.go:88.64,89.19 1 0
defs.dev/schema/function_types.go:89.19,91.3 1 0
defs.dev/schema/function_types.go:93.2,93.28 1 0
defs.dev/schema/function_types.go:94.21,95.16 1 0
defs.dev/schema/function_types.go:96.22,97.34 1 0
defs.dev/schema/function_types.go:98.10,99.71 1 0
defs.dev/schema/function_types.go:104.57,105.43 1 0
defs.dev/schema/function_types.go:105.43,107.3 1 0
defs.dev/schema/function_types.go:108.2,108.34 1 0
defs.dev/schema/generator.go:74.47,111.2 1 1
defs.dev/schema/generator.go:120.54,122.15 2 1
defs.dev/schema/generator.go:122.15,124.3 1 1
defs.dev/schema/generator.go:126.2,129.3 1 1
defs.dev/schema/generator.go:133.44,135.2 1 1
defs.dev/schema/generator.go:138.44,145.2 6 1
defs.dev/schema/generator.go:148.39,154.2 5 1
defs.dev/schema/generator.go:157.49,159.2 1 1
defs.dev/schema/generator.go:162.66,164.29 2 1
defs.dev/schema/generator.go:164.29,166.3 1 1
defs.dev/schema/generator.go:167.2,167.16 1 1
defs.dev/schema/generator.go:171.69,173.31 1 1
defs.dev/schema/generator.go:173.31,175.3 1 0
defs.dev/schema/generator.go:178.2,178.84 1 1
defs.dev/schema/generator.go:178.84,180.3 1 1
defs.dev/schema/generator.go:183.2,183.29 1 1
defs.dev/schema/generator.go:183.29,185.24 2 1
defs.dev/schema/generator.go:185.24,188.4 1 1
defs.dev/schema/generator.go:192.2,192.23 1 1
defs.dev/schema/generator.go:193.18,194.50 1 1
defs.dev/schema/generator.go:195.18,196.50 1 1
defs.dev/schema/generator.go:197.19,198.52 1 1
defs.dev/schema/generator.go:199.19,200.52 1 1
defs.dev/schema/generator.go:201.18,202.57 1 1
defs.dev/schema/generator.go:203.17,204.55 1 1
defs.dev/schema/generator.go:205.20,206.43 1 1
defs.dev/schema/generator.go:207.18,208.41 1 0
defs.dev/schema/generator.go:209.15,210.38 1 0
defs.dev/schema/generator.go:211.17,212.55 1 1
defs.dev/schema/generator.go:213.16,214.13 1 0
defs.dev/schema/generator.go:215.15,216.30 1 0
defs.dev/schema/generator.go:217.10,219.34 1 0
defs.dev/schema/generator.go:224.62,226.31 1 1
defs.dev/schema/generator.go:226.31,228.33 1 1
defs.dev/schema/generator.go:228.33,230.4 1 1
defs.dev/schema/generator.go:233.3,236.69 2 1
defs.dev/schema/generator.go:236.69,240.4 2 1
defs.dev/schema/generator.go:243.3,243.69 1 1
defs.dev/schema/generator.go:243.69,245.4 1 0
defs.dev/schema/generator.go:247.3,247.20 1 1
defs.dev/schema/generator.go:251.2,251.32 1 1
defs.dev/schema/generator.go:251.32,253.3 1 1
defs.dev/schema/generator.go:256.2,256.25 1 1
defs.dev/schema/generator.go:256.25,258.3 1 1
defs.dev/schema/generator.go:261.2,261.26 1 1
defs.dev/schema/generator.go:261.26,263.3 1 1
defs.dev/schema/generator.go:266.2,269.59 3 1
defs.dev/schema/generator.go:269.59,271.3 1 1
defs.dev/schema/generator.go:272.2,272.59 1 1
defs.dev/schema/generator.go:272.59,274.3 1 1
defs.dev/schema/generator.go:277.2,277.21 1 1
defs.dev/schema/generator.go:277.21,279.3 1 0
defs.dev/schema/generator.go:281.2,282.21 2 1
defs.dev/schema/generator.go:282.21,284.3 1 1
defs.dev/schema/generator.go:286.2,286.39 1 1
defs.dev/schema/generator.go:290.62,292.31 1 1
defs.dev/schema/generator.go:292.31,296.60 2 1
defs.dev/schema/generator.go:296.60,298.4 1 1
defs.dev/schema/generator.go:299.3,299.60 1 1
defs.dev/schema/generator.go:299.60,301.4 1 0
defs.dev/schema/generator.go:303.3,303.20 1 1
defs.dev/schema/generator.go:306.2,309.52 3 1
defs.dev/schema/generator.go:309.52,311.3 1 1
defs.dev/schema/generator.go:312.2,312.52 1 1
defs.dev/schema/generator.go:312.52,314.3 1 1
defs.dev/schema/generator.go:317.2,317.15 1 1
defs.dev/schema/generator.go:317.15,319.3 1 0
defs.dev/schema/generator.go:321.2,321.40 1 1
defs.dev/schema/generator.go:325.64,327.31 1 1
defs.dev/schema/generator.go:327.31,331.60 2 1
defs.dev/schema/generator.go:331.60,333.4 1 1
defs.dev/schema/generator.go:334.3,334.60 1 1
defs.dev/schema/generator.go:334.60,336.4 1 0
defs.dev/schema/generator.go:338.3,338.20 1 1
defs.dev/schema/generator.go:341.2,344.52 3 1
defs.dev/schema/generator.go:344.52,346.3 1 1
defs.dev/schema/generator.go:347.2,347.52 1 1
defs.dev/schema/generator.go:347.52,349.3 1 1
defs.dev/schema/generator.go:352.2,352.15 1 1
defs.dev/schema/generator.go:352.15,354.3 1 0
defs.dev/schema/generator.go:356.2,356.38 1 1
defs.dev/schema/generator.go:360.64,362.31 1 1
defs.dev/schema/generator.go:362.31,364.3 1 1
defs.dev/schema/generator.go:366.2,366.30 1 1
defs.dev/schema/generator.go:370.73,374.43 2 1
defs.dev/schema/generator.go:374.43,375.64 1 1
defs.dev/schema/generator.go:375.64,377.4 1 1
defs.dev/schema/generator.go:377.9,380.4 1 0
defs.dev/schema/generator.go:384.2,384.33 1 1
defs.dev/schema/generator.go:384.33,385.55 1 1
defs.dev/schema/generator.go:385.55,387.45 1 1
defs.dev/schema/generator.go:387.45,388.13 1 1
defs.dev/schema/generator.go:392.4,392.54 1 1
defs.dev/schema/generator.go:392.54,394.5 1 1
defs.dev/schema/generator.go:398.3,398.64 1 1
defs.dev/schema/generator.go:398.64,400.41 2 1
defs.dev/schema/generator.go:400.41,404.5 2 1
defs.dev/schema/generator.go:408.2,408.15 1 1
defs.dev/schema/generator.go:412.71,416.59 3 1
defs.dev/schema/generator.go:416.59,418.3 1 1
defs.dev/schema/generator.go:419.2,419.59 1 1
defs.dev/schema/generator.go:419.59,421.3 1 1
defs.dev/schema/generator.go:424.2,424.25 1 1
defs.dev/schema/generator.go:424.25,426.3 1 0
defs.dev/schema/generator.go:429.2,430.56 2 1
defs.dev/schema/generator.go:430.56,432.3 1 1
defs.dev/schema/generator.go:434.2,435.29 2 1
defs.dev/schema/generator.go:435.29,439.25 2 1
defs.dev/schema/generator.go:439.25,442.31 3 1
defs.dev/schema/generator.go:442.31,444.28 2 1
defs.dev/schema/generator.go:444.28,445.40 1 1
defs.dev/schema/generator.go:445.40,447.12 2 1
defs.dev/schema/generator.go:450.5,450.21 1 1
defs.dev/schema/generator.go:450.21,451.11 1 1
defs.dev/schema/generator.go:454.5,455.15 2 1
defs.dev/schema/generator.go:458.4,458.31 1 1
defs.dev/schema/generator.go:458.31,460.5 1 0
defs.dev/schema/generator.go:463.3,463.19 1 1
defs.dev/schema/generator.go:466.2,466.15 1 1
defs.dev/schema/generator.go:470.68,472.56 1 1
defs.dev/schema/generator.go:472.56,474.53 1 1
defs.dev/schema/generator.go:474.53,476.4 1 1
defs.dev/schema/generator.go:477.3,477.13 1 1
defs.dev/schema/generator.go:481.2,481.52 1 0
defs.dev/schema/generator.go:481.52,483.3 1 0
defs.dev/schema/generator.go:484.2,484.12 1 0
defs.dev/schema/generator.go:488.66,490.27 1 0
defs.dev/schema/generator.go:490.27,496.3 1 0
defs.dev/schema/generator.go:496.8,502.3 1 0
defs.dev/schema/generator.go:506.63,510.29 3 0
defs.dev/schema/generator.go:510.29,515.3 3 0
defs.dev/schema/generator.go:517.2,517.15 1 0
defs.dev/schema/generator.go:521.71,522.30 1 1
defs.dev/schema/generator.go:522.30,524.3 1 0
defs.dev/schema/generator.go:526.2,528.30 2 1
defs.dev/schema/generator.go:529.15,530.35 1 0
defs.dev/schema/generator.go:531.18,533.65 1 0
defs.dev/schema/generator.go:534.10,535.65 1 1
defs.dev/schema/generator.go:539.2,542.85 2 1
defs.dev/schema/generator.go:542.85,544.3 1 0
defs.dev/schema/generator.go:546.2,546.14 1 1
defs.dev/schema/generator.go:550.48,551.31 1 0
defs.dev/schema/generator.go:551.31,554.3 1 0
defs.dev/schema/generator.go:556.2,559.16 3 0
defs.dev/schema/generator.go:560.16,561.127 1 0
defs.dev/schema/generator.go:562.16,563.104 1 0
defs.dev/schema/generator.go:564.17,565.31 1 0
defs.dev/schema/generator.go:566.16,569.30 3 0
defs.dev/schema/generator.go:569.30,573.4 2 0
defs.dev/schema/generator.go:574.3,574.16 1 0
defs.dev/schema/generator.go:575.15,578.30 3 0
defs.dev/schema/generator.go:578.30,581.4 1 0
defs.dev/schema/generator.go:582.3,582.16 1 0
defs.dev/schema/generator.go:583.10,585.24 1 0
defs.dev/schema/generator.go:592.64,593.16 1 1
defs.dev/schema/generator.go:594.15,597.81 3 0
defs.dev/schema/generator.go:598.14,599.26 1 0
defs.dev/schema/generator.go:600.13,603.91 3 0
defs.dev/schema/generator.go:604.14,608.76 4 1
defs.dev/schema/generator.go:609.14,613.77 4 1
defs.dev/schema/generator.go:614.19,615.85 1 1
defs.dev/schema/generator.go:616.10,617.36 1 0
defs.dev/schema/generator.go:622.66,626.40 1 1
defs.dev/schema/generator.go:626.40,628.3 1 0
defs.dev/schema/generator.go:629.2,629.40 1 1
defs.dev/schema/generator.go:629.40,631.3 1 0
defs.dev/schema/generator.go:632.2,632.40 1 1
defs.dev/schema/generator.go:632.40,634.3 1 0
defs.dev/schema/generator.go:637.2,637.34 1 1
defs.dev/schema/generator.go:641.61,644.24 3 1
defs.dev/schema/generator.go:644.24,646.3 1 1
defs.dev/schema/generator.go:647.2,647.23 1 1
defs.dev/schema/generator.go:651.76,653.15 2 0
defs.dev/schema/generator.go:653.15,655.3 1 0
defs.dev/schema/generator.go:656.2,657.24 2 0
defs.dev/schema/generator.go:657.24,659.3 1 0
defs.dev/schema/generator.go:660.2,660.23 1 0
defs.dev/schema/generator.go:664.62,667.24 3 0
defs.dev/schema/generator.go:667.24,669.3 1 0
defs.dev/schema/generator.go:670.2,670.23 1 0
defs.dev/schema/generator.go:674.43,680.2 1 0
defs.dev/schema/generator.go:683.45,684.14 1 1
defs.dev/schema/generator.go:684.14,686.3 1 1
defs.dev/schema/generator.go:687.2,687.26 1 1
defs.dev/schema/generator.go:691.62,692.23 1 0
defs.dev/schema/generator.go:693.18,694.20 1 0
defs.dev/schema/generator.go:695.18,696.13 1 0
defs.dev/schema/generator.go:697.19,698.18 1 0
defs.dev/schema/generator.go:699.19,700.15 1 0
defs.dev/schema/generator.go:701.18,702.30 1 0
defs.dev/schema/generator.go:703.17,704.17 1 0
defs.dev/schema/generator.go:705.16,706.13 1 0
defs.dev/schema/generator.go:707.10,708.20 1 0
defs.dev/schema/generator.go:713.51,717.16 3 0
defs.dev/schema/generator.go:718.16,719.51 1 0
defs.dev/schema/generator.go:720.16,721.31 1 0
defs.dev/schema/generator.go:722.17,723.31 1 0
defs.dev/schema/generator.go:724.10,725.20 1 0
defs.dev/schema/generator.go:730.85,739.2 5 1
defs.dev/schema/generator.go:742.60,745.2 1 0
defs.dev/schema/generator.go:748.48,751.2 1 1
defs.dev/schema/generator.go:756.34,758.2 1 1
defs.dev/schema/generator.go:761.51,763.2 1 1
defs.dev/schema/generator.go:766.54,770.2 3 1
defs.dev/schema/generator.go:773.42,776.2 2 1
defs.dev/schema/generator.go:779.41,782.2 2 1
defs.dev/schema/generator.go:785.136,798.2 11 1
defs.dev/schema/generics.go:14.36,25.2 2 1
defs.dev/schema/generics.go:32.60,35.2 2 1
defs.dev/schema/generics.go:37.60,40.2 2 1
defs.dev/schema/generics.go:42.56,45.2 2 1
defs.dev/schema/generics.go:47.67,50.2 2 1
defs.dev/schema/generics.go:52.60,55.2 2 0
defs.dev/schema/generics.go:57.63,60.31 2 0
defs.dev/schema/generics.go:60.31,62.3 1 0
defs.dev/schema/generics.go:63.2,64.10 2 0
defs.dev/schema/generics.go:67.58,70.2 2 0
defs.dev/schema/generics.go:72.41,74.2 1 1
defs.dev/schema/generics.go:78.44,84.2 2 1
defs.dev/schema/generics.go:92.75,95.2 2 1
defs.dev/schema/generics.go:97.68,100.2 2 0
defs.dev/schema/generics.go:102.70,103.20 1 0
defs.dev/schema/generics.go:103.20,105.3 1 0
defs.dev/schema/generics.go:105.8,107.3 1 0
defs.dev/schema/generics.go:108.2,108.10 1 0
defs.dev/schema/generics.go:111.66,114.2 2 0
defs.dev/schema/generics.go:116.45,121.2 1 1
defs.dev/schema/generics.go:129.47,131.2 1 1
defs.dev/schema/generics.go:133.55,135.2 1 1
defs.dev/schema/generics.go:137.74,141.2 3 0
defs.dev/schema/generics.go:143.44,147.2 3 0
defs.dev/schema/generics.go:149.66,151.18 1 1
defs.dev/schema/generics.go:151.18,153.3 1 1
defs.dev/schema/generics.go:156.2,156.37 1 1
defs.dev/schema/generics.go:159.59,170.2 2 1
defs.dev/schema/generics.go:172.51,174.34 1 0
defs.dev/schema/generics.go:174.34,176.3 1 0
defs.dev/schema/generics.go:179.2,179.39 1 0
defs.dev/schema/generics.go:184.46,193.2 3 1
defs.dev/schema/generics.go:202.77,205.2 2 1
defs.dev/schema/generics.go:207.70,210.2 2 0
defs.dev/schema/generics.go:212.68,215.2 2 0
defs.dev/schema/generics.go:217.46,223.2 1 1
defs.dev/schema/generics.go:232.48,234.2 1 1
defs.dev/schema/generics.go:236.56,238.2 1 0
defs.dev/schema/generics.go:240.75,244.2 3 0
defs.dev/schema/generics.go:246.45,251.2 4 0
defs.dev/schema/generics.go:253.67,255.61 1 0
defs.dev/schema/generics.go:255.61,257.3 1 0
defs.dev/schema/generics.go:260.2,260.38 1 0
defs.dev/schema/generics.go:263.60,288.2 3 1
defs.dev/schema/generics.go:290.52,295.2 1 0
defs.dev/schema/generics.go:299.51,308.2 3 1
defs.dev/schema/generics.go:319.64,322.2 2 1
defs.dev/schema/generics.go:324.64,327.2 2 1
defs.dev/schema/generics.go:329.71,332.2 2 1
defs.dev/schema/generics.go:334.64,337.2 2 0
defs.dev/schema/generics.go:339.62,342.2 2 0
defs.dev/schema/generics.go:344.43,352.2 1 1
defs.dev/schema/generics.go:363.45,365.2 1 1
defs.dev/schema/generics.go:367.53,369.2 1 0
defs.dev/schema/generics.go:371.72,375.2 3 0
defs.dev/schema/generics.go:377.42,382.2 4 0
defs.dev/schema/generics.go:384.64,389.27 3 1
defs.dev/schema/generics.go:390.15,392.27 2 0
defs.dev/schema/generics.go:392.27,394.4 1 0
defs.dev/schema/generics.go:395.22,396.42 1 0
defs.dev/schema/generics.go:396.42,398.28 2 0
defs.dev/schema/generics.go:398.28,400.5 1 0
defs.dev/schema/generics.go:401.9,406.4 1 0
defs.dev/schema/generics.go:407.33,408.42 1 1
defs.dev/schema/generics.go:408.42,410.28 2 1
defs.dev/schema/generics.go:410.28,412.5 1 1
defs.dev/schema/generics.go:413.9,418.4 1 0
defs.dev/schema/generics.go:419.10,423.4 1 0
defs.dev/schema/generics.go:426.2,429.47 2 1
defs.dev/schema/generics.go:429.47,434.3 1 1
defs.dev/schema/generics.go:436.2,436.47 1 1
defs.dev/schema/generics.go:436.47,441.3 1 0
defs.dev/schema/generics.go:444.2,444.37 1 1
defs.dev/schema/generics.go:444.37,446.68 1 1
defs.dev/schema/generics.go:446.68,447.41 1 0
defs.dev/schema/generics.go:447.41,452.5 1 0
defs.dev/schema/generics.go:456.3,456.72 1 1
defs.dev/schema/generics.go:456.72,457.41 1 1
defs.dev/schema/generics.go:457.41,462.5 1 1
defs.dev/schema/generics.go:466.2,469.3 1 1
defs.dev/schema/generics.go:472.57,481.23 3 1
defs.dev/schema/generics.go:481.23,483.3 1 0
defs.dev/schema/generics.go:485.2,485.23 1 1
defs.dev/schema/generics.go:485.23,487.3 1 0
defs.dev/schema/generics.go:489.2,489.15 1 1
defs.dev/schema/generics.go:492.49,500.2 3 0
defs.dev/schema/generics.go:504.49,512.2 3 1
defs.dev/schema/generics.go:520.81,523.2 2 1
defs.dev/schema/generics.go:525.74,528.2 2 1
defs.dev/schema/generics.go:530.72,533.2 2 0
defs.dev/schema/generics.go:535.48,540.2 1 1
defs.dev/schema/generics.go:549.42,554.2 3 1
defs.dev/schema/generics.go:556.41,558.2 1 1
defs.dev/schema/generics.go:560.49,562.2 1 1
defs.dev/schema/generics.go:564.68,568.2 3 1
defs.dev/schema/generics.go:570.38,573.35 3 0
defs.dev/schema/generics.go:573.35,575.3 1 0
defs.dev/schema/generics.go:576.2,576.15 1 0
defs.dev/schema/generics.go:579.60,583.35 2 1
defs.dev/schema/generics.go:583.35,584.53 1 1
defs.dev/schema/generics.go:584.53,586.4 1 1
defs.dev/schema/generics.go:586.9,588.38 1 1
defs.dev/schema/generics.go:588.38,593.5 1 1
defs.dev/schema/generics.go:597.2,603.3 1 1
defs.dev/schema/generics.go:606.53,608.35 2 1
defs.dev/schema/generics.go:608.35,610.3 1 1
defs.dev/schema/generics.go:612.2,615.3 1 1
defs.dev/schema/generics.go:618.45,620.24 1 0
defs.dev/schema/generics.go:620.24,622.3 1 0
defs.dev/schema/generics.go:623.2,623.12 1 0
defs.dev/schema/generics.go:629.44,632.2 2 1
defs.dev/schema/generics.go:635.41,638.2 2 1
defs.dev/schema/generics.go:643.40,645.2 1 1
defs.dev/schema/generics.go:648.34,650.2 1 0
defs.dev/schema/generics.go:653.46,655.2 1 1
defs.dev/schema/generics.go:658.48,660.2 1 1
defs.dev/schema/generics.go:663.42,665.2 1 0
defs.dev/schema/generics.go:668.44,670.2 1 0
defs.dev/schema/reflect_service.go:13.50,14.21 1 1
defs.dev/schema/reflect_service.go:14.21,15.50 1 1
defs.dev/schema/reflect_service.go:18.2,22.40 3 1
defs.dev/schema/reflect_service.go:22.40,23.28 1 1
defs.dev/schema/reflect_service.go:23.28,24.50 1 0
defs.dev/schema/reflect_service.go:27.3,27.38 1 1
defs.dev/schema/reflect_service.go:28.8,28.50 1 1
defs.dev/schema/reflect_service.go:28.50,29.92 1 1
defs.dev/schema/reflect_service.go:32.2,32.62 1 1
defs.dev/schema/reflect_service.go:52.105,61.42 3 1
defs.dev/schema/reflect_service.go:61.42,64.3 2 1
defs.dev/schema/reflect_service.go:66.2,66.11 1 1
defs.dev/schema/reflect_service.go:70.75,74.48 2 1
defs.dev/schema/reflect_service.go:74.48,78.58 2 1
defs.dev/schema/reflect_service.go:78.58,80.4 1 1
defs.dev/schema/reflect_service.go:84.2,84.40 1 1
defs.dev/schema/reflect_service.go:84.40,86.44 2 1
defs.dev/schema/reflect_service.go:86.44,90.94 2 1
defs.dev/schema/reflect_service.go:90.94,92.5 1 1
defs.dev/schema/reflect_service.go:96.2,96.16 1 1
defs.dev/schema/reflect_service.go:100.55,104.28 2 1
defs.dev/schema/reflect_service.go:104.28,106.3 1 0
defs.dev/schema/reflect_service.go:109.2,109.43 1 1
defs.dev/schema/reflect_service.go:109.43,111.63 2 1
defs.dev/schema/reflect_service.go:111.63,113.4 1 1
defs.dev/schema/reflect_service.go:117.2,117.21 1 1
defs.dev/schema/reflect_service.go:118.47,119.15 1 0
defs.dev/schema/reflect_service.go:122.2,122.13 1 1
defs.dev/schema/reflect_service.go:126.84,134.58 3 1
defs.dev/schema/reflect_service.go:134.58,139.79 2 1
defs.dev/schema/reflect_service.go:139.79,140.26 1 0
defs.dev/schema/reflect_service.go:140.26,142.5 1 0
defs.dev/schema/reflect_service.go:142.10,147.5 3 0
defs.dev/schema/reflect_service.go:151.3,152.36 2 1
defs.dev/schema/reflect_service.go:156.2,157.42 2 1
defs.dev/schema/reflect_service.go:157.42,159.3 1 1
defs.dev/schema/reflect_service.go:162.2,163.43 2 1
defs.dev/schema/reflect_service.go:163.43,165.3 1 1
defs.dev/schema/reflect_service.go:168.2,182.3 5 1
defs.dev/schema/reflect_service.go:186.157,194.2 3 1
defs.dev/schema/reflect_service.go:199.71,201.44 2 1
defs.dev/schema/reflect_service.go:201.44,203.3 1 1
defs.dev/schema/reflect_service.go:204.2,204.18 1 1
defs.dev/schema/reflect_service.go:208.66,210.44 2 1
defs.dev/schema/reflect_service.go:210.44,212.3 1 1
defs.dev/schema/reflect_service.go:213.2,213.16 1 1
defs.dev/schema/reflect_service.go:217.52,219.31 2 1
defs.dev/schema/reflect_service.go:219.31,221.3 1 1
defs.dev/schema/reflect_service.go:222.2,222.14 1 1
defs.dev/schema/reflect_service.go:226.108,228.13 2 1
defs.dev/schema/reflect_service.go:228.13,230.3 1 1
defs.dev/schema/reflect_service.go:233.2,234.16 2 1
defs.dev/schema/reflect_service.go:234.16,236.3 1 1
defs.dev/schema/reflect_service.go:239.2,239.28 1 1
defs.dev/schema/reflect_service.go:243.59,244.29 1 1
defs.dev/schema/reflect_service.go:244.29,247.39 2 1
defs.dev/schema/reflect_service.go:247.39,249.4 1 1
defs.dev/schema/reflect_service.go:251.3,252.50 2 1
defs.dev/schema/reflect_service.go:252.50,254.4 1 1
defs.dev/schema/reflect_service.go:254.9,257.4 1 0
defs.dev/schema/reflect_service.go:259.2,259.25 1 1
defs.dev/schema/reflect_service.go:263.56,265.2 1 1
defs.dev/schema/reflect_service.go:270.68,272.44 2 0
defs.dev/schema/reflect_service.go:272.44,274.3 1 0
defs.dev/schema/reflect_service.go:275.2,275.18 1 0
defs.dev/schema/reflect_service.go:279.71,282.50 2 0
defs.dev/schema/reflect_service.go:282.50,285.3 2 0
defs.dev/schema/reflect_service.go:287.2,287.16 1 0
defs.dev/schema/reflect_service.go:291.63,294.2 2 1
defs.dev/schema/reflect_service.go:297.79,300.2 2 0
defs.dev/schema/reflect_service.go:303.56,306.44 2 1
defs.dev/schema/reflect_service.go:306.44,315.3 2 1
defs.dev/schema/reflect_service.go:317.2,323.3 1 1
defs.dev/schema/reflect_service.go:347.53,351.43 2 1
defs.dev/schema/reflect_service.go:351.43,353.3 1 1
defs.dev/schema/reflect_service.go:353.8,355.3 1 0
defs.dev/schema/reflect_service.go:358.2,358.30 1 1
defs.dev/schema/reflect_service.go:362.49,363.29 1 1
defs.dev/schema/reflect_service.go:363.29,365.3 1 1
defs.dev/schema/reflect_service.go:367.2,367.10 1 1
defs.dev/schema/reflect_service.go:371.35,374.22 2 1
defs.dev/schema/reflect_service.go:374.22,375.36 1 1
defs.dev/schema/reflect_service.go:375.36,377.4 1 1
defs.dev/schema/reflect_service.go:378.3,378.29 1 1
defs.dev/schema/reflect_service.go:381.2,381.24 1 1
defs.dev/schema/reflect_service.go:387.106,391.2 3 1
defs.dev/schema/reflect_service.go:394.79,397.45 2 1
defs.dev/schema/reflect_service.go:397.45,399.3 1 1
defs.dev/schema/reflect_service.go:401.2,402.33 2 1
defs.dev/schema/reflect_service.go:406.40,409.2 2 1
defs.dev/schema/reflect_service.go:412.41,413.20 1 1
defs.dev/schema/reflect_service.go:413.20,415.3 1 1
defs.dev/schema/reflect_service.go:417.2,420.39 2 1
defs.dev/schema/reflect_service.go:420.39,421.39 1 1
defs.dev/schema/reflect_service.go:421.39,423.4 1 0
defs.dev/schema/reflect_service.go:424.3,424.35 1 1
defs.dev/schema/reflect_service.go:427.2,427.42 1 1
defs.dev/schema/reflect_service.go:427.42,429.3 1 1
defs.dev/schema/reflect_service.go:432.2,436.46 3 1
defs.dev/schema/reflect_service.go:436.46,438.58 2 1
defs.dev/schema/reflect_service.go:438.58,440.4 1 1
defs.dev/schema/reflect_service.go:444.2,444.39 1 1
defs.dev/schema/reflect_service.go:444.39,446.44 2 1
defs.dev/schema/reflect_service.go:446.44,448.59 2 1
defs.dev/schema/reflect_service.go:448.59,450.5 1 1
defs.dev/schema/reflect_service.go:454.2,454.22 1 1
defs.dev/schema/reflect_service.go:454.22,456.3 1 1
defs.dev/schema/reflect_service.go:458.2,458.12 1 1
defs.dev/schema/reflection.go:15.33,18.2 2 1
defs.dev/schema/reflection.go:47.54,49.55 1 1
defs.dev/schema/reflection.go:49.55,51.3 1 1
defs.dev/schema/reflection.go:53.2,55.23 3 1
defs.dev/schema/reflection.go:59.62,61.31 1 1
defs.dev/schema/reflection.go:61.31,63.3 1 1
defs.dev/schema/reflection.go:66.2,66.77 1 1
defs.dev/schema/reflection.go:66.77,68.3 1 1
defs.dev/schema/reflection.go:70.2,70.20 1 1
defs.dev/schema/reflection.go:71.22,72.26 1 1
defs.dev/schema/reflection.go:73.78,74.27 1 1
defs.dev/schema/reflection.go:75.83,76.27 1 0
defs.dev/schema/reflection.go:77.40,78.26 1 1
defs.dev/schema/reflection.go:79.20,80.27 1 1
defs.dev/schema/reflection.go:81.36,83.43 2 1
defs.dev/schema/reflection.go:84.19,86.41 1 1
defs.dev/schema/reflection.go:86.41,90.4 1 1
defs.dev/schema/reflection.go:91.3,91.53 1 0
defs.dev/schema/reflection.go:92.22,93.45 1 1
defs.dev/schema/reflection.go:94.25,99.11 1 1
defs.dev/schema/reflection.go:100.10,104.11 1 0
defs.dev/schema/reflection.go:109.62,112.38 2 1
defs.dev/schema/reflection.go:112.38,116.26 2 1
defs.dev/schema/reflection.go:116.26,117.12 1 1
defs.dev/schema/reflection.go:121.3,121.22 1 1
defs.dev/schema/reflection.go:121.22,123.59 2 1
defs.dev/schema/reflection.go:123.59,125.60 1 1
defs.dev/schema/reflection.go:125.60,127.6 1 1
defs.dev/schema/reflection.go:129.5,129.44 1 1
defs.dev/schema/reflection.go:131.4,131.12 1 1
defs.dev/schema/reflection.go:135.3,136.22 2 1
defs.dev/schema/reflection.go:136.22,137.12 1 1
defs.dev/schema/reflection.go:141.3,145.29 3 1
defs.dev/schema/reflection.go:145.29,147.4 1 1
defs.dev/schema/reflection.go:150.2,150.24 1 1
defs.dev/schema/reflection.go:154.60,160.21 3 1
defs.dev/schema/reflection.go:160.21,162.3 1 1
defs.dev/schema/reflection.go:165.2,165.53 1 1
defs.dev/schema/reflection.go:169.91,176.28 3 1
defs.dev/schema/reflection.go:177.21,178.41 1 1
defs.dev/schema/reflection.go:179.21,180.41 1 1
defs.dev/schema/reflection.go:181.22,182.42 1 1
defs.dev/schema/reflection.go:183.22,184.42 1 1
defs.dev/schema/reflection.go:185.20,186.40 1 1
defs.dev/schema/reflection.go:187.21,188.41 1 0
defs.dev/schema/reflection.go:191.2,191.15 1 0
defs.dev/schema/reflection.go:195.56,199.29 3 1
defs.dev/schema/reflection.go:199.29,201.17 2 1
defs.dev/schema/reflection.go:201.17,202.12 1 1
defs.dev/schema/reflection.go:205.3,205.34 1 1
defs.dev/schema/reflection.go:205.34,208.4 2 1
defs.dev/schema/reflection.go:208.9,210.4 1 1
defs.dev/schema/reflection.go:213.2,213.13 1 1
defs.dev/schema/reflection.go:218.102,222.29 2 1
defs.dev/schema/reflection.go:222.29,224.3 1 0
defs.dev/schema/reflection.go:225.2,225.29 1 1
defs.dev/schema/reflection.go:225.29,227.3 1 0
defs.dev/schema/reflection.go:228.2,228.26 1 1
defs.dev/schema/reflection.go:228.26,230.3 1 0
defs.dev/schema/reflection.go:231.2,231.25 1 1
defs.dev/schema/reflection.go:231.26,233.3 0 0
defs.dev/schema/reflection.go:234.2,234.32 1 1
defs.dev/schema/reflection.go:234.32,236.3 1 0
defs.dev/schema/reflection.go:239.2,239.31 1 1
defs.dev/schema/reflection.go:239.31,240.14 1 1
defs.dev/schema/reflection.go:241.30,242.51 1 1
defs.dev/schema/reflection.go:242.51,244.5 1 1
defs.dev/schema/reflection.go:245.30,246.51 1 1
defs.dev/schema/reflection.go:246.51,248.5 1 1
defs.dev/schema/reflection.go:249.18,250.26 1 1
defs.dev/schema/reflection.go:251.16,252.19 1 1
defs.dev/schema/reflection.go:253.14,254.17 1 1
defs.dev/schema/reflection.go:255.15,256.18 1 1
defs.dev/schema/reflection.go:257.17,258.17 1 1
defs.dev/schema/reflection.go:259.17,260.20 1 0
defs.dev/schema/reflection.go:261.15,262.18 1 0
defs.dev/schema/reflection.go:263.16,264.19 1 0
defs.dev/schema/reflection.go:265.12,267.34 1 1
defs.dev/schema/reflection.go:269.15,271.27 2 1
defs.dev/schema/reflection.go:272.30,273.30 1 1
defs.dev/schema/reflection.go:274.18,275.26 1 1
defs.dev/schema/reflection.go:279.2,279.24 1 1
defs.dev/schema/reflection.go:282.102,286.27 2 1
defs.dev/schema/reflection.go:286.27,288.3 1 0
defs.dev/schema/reflection.go:289.2,289.27 1 1
defs.dev/schema/reflection.go:289.27,291.3 1 0
defs.dev/schema/reflection.go:294.2,294.31 1 1
defs.dev/schema/reflection.go:294.31,295.14 1 1
defs.dev/schema/reflection.go:296.25,297.61 1 1
defs.dev/schema/reflection.go:297.61,299.5 1 1
defs.dev/schema/reflection.go:300.25,301.61 1 1
defs.dev/schema/reflection.go:301.61,303.5 1 1
defs.dev/schema/reflection.go:304.30,305.30 1 0
defs.dev/schema/reflection.go:306.18,307.61 1 1
defs.dev/schema/reflection.go:307.61,309.5 1 1
defs.dev/schema/reflection.go:313.2,313.24 1 1
defs.dev/schema/reflection.go:316.104,320.27 2 1
defs.dev/schema/reflection.go:320.27,322.3 1 0
defs.dev/schema/reflection.go:323.2,323.27 1 1
defs.dev/schema/reflection.go:323.27,325.3 1 0
defs.dev/schema/reflection.go:328.2,328.31 1 1
defs.dev/schema/reflection.go:328.31,329.14 1 1
defs.dev/schema/reflection.go:330.25,331.63 1 1
defs.dev/schema/reflection.go:331.63,333.5 1 1
defs.dev/schema/reflection.go:334.25,335.63 1 1
defs.dev/schema/reflection.go:335.63,337.5 1 1
defs.dev/schema/reflection.go:338.30,339.30 1 1
defs.dev/schema/reflection.go:340.18,341.63 1 1
defs.dev/schema/reflection.go:341.63,343.5 1 1
defs.dev/schema/reflection.go:347.2,347.24 1 1
defs.dev/schema/reflection.go:350.104,354.31 2 1
defs.dev/schema/reflection.go:354.31,355.14 1 1
defs.dev/schema/reflection.go:356.30,357.30 1 1
defs.dev/schema/reflection.go:358.18,359.56 1 1
defs.dev/schema/reflection.go:359.56,361.5 1 1
defs.dev/schema/reflection.go:365.2,365.24 1 1
defs.dev/schema/reflection.go:368.100,372.30 2 1
defs.dev/schema/reflection.go:372.30,374.3 1 1
defs.dev/schema/reflection.go:375.2,375.28 1 1
defs.dev/schema/reflection.go:375.28,377.3 1 0
defs.dev/schema/reflection.go:378.2,378.28 1 1
defs.dev/schema/reflection.go:378.28,380.3 1 0
defs.dev/schema/reflection.go:381.2,381.24 1 1
defs.dev/schema/reflection.go:381.24,383.3 1 0
defs.dev/schema/reflection.go:386.2,386.31 1 1
defs.dev/schema/reflection.go:386.31,387.14 1 1
defs.dev/schema/reflection.go:388.19,389.51 1 0
defs.dev/schema/reflection.go:389.51,391.5 1 0
defs.dev/schema/reflection.go:392.19,393.51 1 1
defs.dev/schema/reflection.go:393.51,395.5 1 1
defs.dev/schema/reflection.go:396.17,397.25 1 1
defs.dev/schema/reflection.go:398.21,400.32 1 0
defs.dev/schema/reflection.go:400.32,401.55 1 0
defs.dev/schema/reflection.go:401.55,405.6 3 0
defs.dev/schema/reflection.go:407.30,408.30 1 1
defs.dev/schema/reflection.go:412.2,412.24 1 1
defs.dev/schema/reflection.go:415.102,418.31 1 0
defs.dev/schema/reflection.go:418.31,419.14 1 0
defs.dev/schema/reflection.go:420.30,423.40 3 0
defs.dev/schema/reflection.go:427.2,427.15 1 0
defs.dev/schema/reflection.go:433.57,435.19 2 1
defs.dev/schema/reflection.go:435.19,437.3 1 1
defs.dev/schema/reflection.go:439.2,441.16 3 1
defs.dev/schema/reflection.go:441.16,443.3 1 1
defs.dev/schema/reflection.go:445.2,445.13 1 1
defs.dev/schema/reflection.go:449.54,452.45 2 1
defs.dev/schema/reflection.go:452.45,454.3 1 1
defs.dev/schema/reflection.go:455.2,455.45 1 1
defs.dev/schema/reflection.go:455.45,457.3 1 0
defs.dev/schema/reflection.go:460.2,461.44 2 1
defs.dev/schema/reflection.go:461.44,463.3 1 1
defs.dev/schema/reflection.go:466.2,466.38 1 1
defs.dev/schema/reflection.go:466.38,468.3 1 0
defs.dev/schema/reflection.go:471.2,471.13 1 1
defs.dev/schema/reflection.go:475.43,476.22 1 1
defs.dev/schema/reflection.go:476.22,478.3 1 1
defs.dev/schema/reflection.go:479.2,479.21 1 1
defs.dev/schema/reflection.go:484.38,488.2 1 1
defs.dev/schema/reflection.go:490.88,494.2 3 1
defs.dev/schema/reflection.go:496.68,500.2 3 1
defs.dev/schema/reflection.go:503.73,505.2 1 1
defs.dev/schema/reflection.go:509.32,523.2 1 1
defs.dev/schema/reflection.go:525.45,527.2 1 0
defs.dev/schema/reflection.go:529.42,531.2 1 0
defs.dev/schema/reflection.go:533.45,535.2 1 0
defs.dev/schema/reflection.go:537.43,539.2 1 0
defs.dev/schema/reflection.go:544.48,545.34 1 1
defs.dev/schema/reflection.go:545.34,547.3 1 0
defs.dev/schema/reflection.go:549.2,549.38 1 1
defs.dev/schema/reflection.go:549.38,551.26 2 1
defs.dev/schema/reflection.go:551.26,552.12 1 0
defs.dev/schema/reflection.go:555.3,556.22 2 1
defs.dev/schema/reflection.go:556.22,557.12 1 1
defs.dev/schema/reflection.go:560.3,560.60 1 1
defs.dev/schema/reflection.go:560.60,562.4 1 1
defs.dev/schema/reflection.go:565.2,565.12 1 1
defs.dev/schema/reflection.go:569.73,573.53 2 1
defs.dev/schema/reflection.go:573.53,574.54 1 0
defs.dev/schema/reflection.go:574.54,576.4 1 0
defs.dev/schema/reflection.go:580.2,580.27 1 1
defs.dev/schema/reflection.go:581.22,582.34 1 1
defs.dev/schema/reflection.go:584.79,585.35 1 0
defs.dev/schema/reflection.go:586.40,587.34 1 1
defs.dev/schema/reflection.go:590.2,590.12 1 1
defs.dev/schema/reflection.go:593.55,594.41 1 1
defs.dev/schema/reflection.go:594.41,595.52 1 1
defs.dev/schema/reflection.go:595.52,597.4 1 1
defs.dev/schema/reflection.go:600.2,600.41 1 1
defs.dev/schema/reflection.go:600.41,601.52 1 1
defs.dev/schema/reflection.go:601.52,603.4 1 0
defs.dev/schema/reflection.go:606.2,606.40 1 1
defs.dev/schema/reflection.go:606.40,607.52 1 1
defs.dev/schema/reflection.go:607.52,609.4 1 0
defs.dev/schema/reflection.go:612.2,612.12 1 1
defs.dev/schema/reflection.go:615.56,616.35 1 0
defs.dev/schema/reflection.go:616.35,617.61 1 0
defs.dev/schema/reflection.go:617.61,619.4 1 0
defs.dev/schema/reflection.go:622.2,622.35 1 0
defs.dev/schema/reflection.go:622.35,623.61 1 0
defs.dev/schema/reflection.go:623.61,625.4 1 0
defs.dev/schema/reflection.go:628.2,628.12 1 0
defs.dev/schema/reflection.go:631.55,632.35 1 1
defs.dev/schema/reflection.go:632.35,633.59 1 1
defs.dev/schema/reflection.go:633.59,635.4 1 0
defs.dev/schema/reflection.go:638.2,638.35 1 1
defs.dev/schema/reflection.go:638.35,639.59 1 1
defs.dev/schema/reflection.go:639.59,641.4 1 0
defs.dev/schema/reflection.go:644.2,644.12 1 1
defs.dev/schema/reflection_funcs.go:15.43,17.35 2 1
defs.dev/schema/reflection_funcs.go:17.35,18.68 1 0
defs.dev/schema/reflection_funcs.go:21.2,21.47 1 1
defs.dev/schema/reflection_funcs.go:25.78,32.56 2 1
defs.dev/schema/reflection_funcs.go:32.56,33.66 1 1
defs.dev/schema/reflection_funcs.go:33.66,36.62 2 1
defs.dev/schema/reflection_funcs.go:36.62,38.5 1 1
defs.dev/schema/reflection_funcs.go:39.4,39.31 1 1
defs.dev/schema/reflection_funcs.go:44.2,49.15 3 1
defs.dev/schema/reflection_funcs.go:53.65,55.38 2 1
defs.dev/schema/reflection_funcs.go:55.38,59.31 2 1
defs.dev/schema/reflection_funcs.go:59.31,60.12 1 1
defs.dev/schema/reflection_funcs.go:64.3,73.68 4 1
defs.dev/schema/reflection_funcs.go:73.68,75.4 1 1
defs.dev/schema/reflection_funcs.go:77.3,77.15 1 1
defs.dev/schema/reflection_funcs.go:82.66,84.17 2 1
defs.dev/schema/reflection_funcs.go:84.17,86.3 1 0
defs.dev/schema/reflection_funcs.go:89.2,89.61 1 1
defs.dev/schema/reflection_funcs.go:89.61,99.3 4 1
defs.dev/schema/reflection_funcs.go:102.2,102.17 1 1
defs.dev/schema/reflection_funcs.go:102.17,106.44 2 1
defs.dev/schema/reflection_funcs.go:106.44,111.4 2 1
defs.dev/schema/reflection_funcs.go:114.3,115.9 2 1
defs.dev/schema/reflection_funcs.go:120.2,121.30 2 0
defs.dev/schema/reflection_funcs.go:121.30,127.3 5 0
defs.dev/schema/reflection_funcs.go:128.2,128.34 1 0
defs.dev/schema/reflection_funcs.go:134.41,139.2 1 1
defs.dev/schema/reflection_funcs.go:142.42,143.18 1 1
defs.dev/schema/reflection_funcs.go:144.80,145.14 1 0
defs.dev/schema/reflection_funcs.go:146.10,147.15 1 1
defs.dev/schema/reflection_funcs.go:161.54,163.36 2 1
defs.dev/schema/reflection_funcs.go:163.36,164.76 1 0
defs.dev/schema/reflection_funcs.go:167.2,170.3 1 1
defs.dev/schema/reflection_funcs.go:174.55,176.2 1 1
defs.dev/schema/reflection_funcs.go:179.102,182.2 2 1
defs.dev/schema/reflection_funcs.go:185.90,187.16 2 0
defs.dev/schema/reflection_funcs.go:187.16,189.3 1 0
defs.dev/schema/reflection_funcs.go:191.2,192.16 2 0
defs.dev/schema/reflection_funcs.go:192.16,194.3 1 0
defs.dev/schema/reflection_funcs.go:197.2,198.16 2 0
defs.dev/schema/reflection_funcs.go:198.16,200.3 1 0
defs.dev/schema/reflection_funcs.go:202.2,202.57 1 0
defs.dev/schema/reflection_funcs.go:202.57,204.3 1 0
defs.dev/schema/reflection_funcs.go:206.2,206.12 1 0
defs.dev/schema/reflection_funcs.go:210.99,216.38 4 1
defs.dev/schema/reflection_funcs.go:216.38,220.31 2 1
defs.dev/schema/reflection_funcs.go:220.31,222.12 2 1
defs.dev/schema/reflection_funcs.go:226.3,228.14 3 1
defs.dev/schema/reflection_funcs.go:228.14,230.4 1 0
defs.dev/schema/reflection_funcs.go:233.3,234.17 2 1
defs.dev/schema/reflection_funcs.go:234.17,236.4 1 0
defs.dev/schema/reflection_funcs.go:238.3,239.15 2 1
defs.dev/schema/reflection_funcs.go:243.2,246.22 2 1
defs.dev/schema/reflection_funcs.go:247.9,248.18 1 0
defs.dev/schema/reflection_funcs.go:249.9,251.47 2 1
defs.dev/schema/reflection_funcs.go:251.47,252.22 1 0
defs.dev/schema/reflection_funcs.go:252.22,254.5 1 0
defs.dev/schema/reflection_funcs.go:255.4,255.42 1 0
defs.dev/schema/reflection_funcs.go:257.3,257.33 1 1
defs.dev/schema/reflection_funcs.go:258.9,264.25 4 1
defs.dev/schema/reflection_funcs.go:264.25,266.4 1 1
defs.dev/schema/reflection_funcs.go:268.3,268.33 1 1
defs.dev/schema/reflection_funcs.go:269.10,272.34 2 0
defs.dev/schema/reflection_funcs.go:272.34,274.4 1 0
defs.dev/schema/reflection_funcs.go:275.3,275.21 1 0
defs.dev/schema/reflection_funcs.go:280.44,282.2 1 0
defs.dev/schema/reflection_funcs.go:287.57,289.2 1 0
defs.dev/schema/reflection_funcs.go:292.79,293.18 1 1
defs.dev/schema/reflection_funcs.go:293.18,295.3 1 1
defs.dev/schema/reflection_funcs.go:297.2,300.50 2 1
defs.dev/schema/reflection_funcs.go:300.50,302.3 1 1
defs.dev/schema/reflection_funcs.go:305.2,305.51 1 1
defs.dev/schema/reflection_funcs.go:305.51,307.3 1 0
defs.dev/schema/reflection_funcs.go:310.2,310.79 1 1
defs.dev/schema/reflection_funcs.go:310.79,312.3 1 1
defs.dev/schema/reflection_funcs.go:315.2,315.122 1 0
defs.dev/schema/reflection_funcs.go:315.122,317.17 2 0
defs.dev/schema/reflection_funcs.go:317.17,319.4 1 0
defs.dev/schema/reflection_funcs.go:321.3,323.23 3 0
defs.dev/schema/reflection_funcs.go:326.2,326.82 1 0
defs.dev/schema/reflection_funcs.go:330.84,332.9 2 1
defs.dev/schema/reflection_funcs.go:332.9,334.3 1 0
defs.dev/schema/reflection_funcs.go:337.2,340.45 2 1
defs.dev/schema/reflection_funcs.go:340.45,345.27 3 1
defs.dev/schema/reflection_funcs.go:345.27,346.12 1 0
defs.dev/schema/reflection_funcs.go:350.3,351.72 2 1
defs.dev/schema/reflection_funcs.go:351.72,353.63 1 1
defs.dev/schema/reflection_funcs.go:353.63,355.5 1 0
defs.dev/schema/reflection_funcs.go:355.10,357.5 1 1
defs.dev/schema/reflection_funcs.go:361.3,362.14 2 1
defs.dev/schema/reflection_funcs.go:362.14,364.12 1 0
defs.dev/schema/reflection_funcs.go:368.3,369.17 2 1
defs.dev/schema/reflection_funcs.go:369.17,371.4 1 0
defs.dev/schema/reflection_funcs.go:373.3,373.33 1 1
defs.dev/schema/reflection_funcs.go:376.2,376.25 1 1
defs.dev/schema/schema_generator.go:61.59,95.2 1 1
defs.dev/schema/schema_generator.go:98.58,116.2 6 1
defs.dev/schema/schema_generator.go:119.59,142.2 10 1
defs.dev/schema/schema_generator.go:211.72,213.15 2 1
defs.dev/schema/schema_generator.go:213.15,215.3 1 1
defs.dev/schema/schema_generator.go:217.2,225.3 1 1
defs.dev/schema/schema_generator.go:229.56,231.2 1 1
defs.dev/schema/schema_generator.go:234.50,236.2 1 1
defs.dev/schema/schema_generator.go:239.51,241.2 1 1
defs.dev/schema/schema_generator.go:244.46,246.2 1 1
defs.dev/schema/schema_generator.go:249.61,251.29 2 1
defs.dev/schema/schema_generator.go:251.29,253.3 1 1
defs.dev/schema/schema_generator.go:254.2,254.16 1 1
defs.dev/schema/schema_generator.go:258.64,260.32 1 1
defs.dev/schema/schema_generator.go:260.32,262.3 1 1
defs.dev/schema/schema_generator.go:264.2,265.51 2 1
defs.dev/schema/schema_generator.go:269.67,285.22 8 1
defs.dev/schema/schema_generator.go:285.22,287.3 1 0
defs.dev/schema/schema_generator.go:289.2,292.44 3 1
defs.dev/schema/schema_generator.go:292.44,294.3 1 1
defs.dev/schema/schema_generator.go:295.2,295.44 1 1
defs.dev/schema/schema_generator.go:295.44,297.3 1 1
defs.dev/schema/schema_generator.go:298.2,298.45 1 1
defs.dev/schema/schema_generator.go:298.45,300.3 1 1
defs.dev/schema/schema_generator.go:301.2,301.45 1 1
defs.dev/schema/schema_generator.go:301.45,303.3 1 1
defs.dev/schema/schema_generator.go:304.2,304.44 1 1
defs.dev/schema/schema_generator.go:304.44,306.3 1 1
defs.dev/schema/schema_generator.go:307.2,307.43 1 1
defs.dev/schema/schema_generator.go:307.43,309.3 1 1
defs.dev/schema/schema_generator.go:310.2,310.43 1 1
defs.dev/schema/schema_generator.go:310.43,312.3 1 1
defs.dev/schema/schema_generator.go:313.2,313.46 1 1
defs.dev/schema/schema_generator.go:313.46,315.3 1 1
defs.dev/schema/schema_generator.go:316.2,316.42 1 0
defs.dev/schema/schema_generator.go:316.42,318.3 1 0
defs.dev/schema/schema_generator.go:319.2,319.41 1 0
defs.dev/schema/schema_generator.go:319.41,321.3 1 0
defs.dev/schema/schema_generator.go:323.2,323.19 1 0
defs.dev/schema/schema_generator.go:327.90,328.20 1 1
defs.dev/schema/schema_generator.go:329.18,330.35 1 1
defs.dev/schema/schema_generator.go:331.18,332.35 1 1
defs.dev/schema/schema_generator.go:333.19,334.36 1 1
defs.dev/schema/schema_generator.go:335.19,336.36 1 1
defs.dev/schema/schema_generator.go:337.18,338.40 1 1
defs.dev/schema/schema_generator.go:339.17,340.39 1 1
defs.dev/schema/schema_generator.go:341.17,342.39 1 1
defs.dev/schema/schema_generator.go:343.20,344.42 1 1
defs.dev/schema/schema_generator.go:345.16,346.33 1 0
defs.dev/schema/schema_generator.go:347.15,348.32 1 0
defs.dev/schema/schema_generator.go:349.10,350.35 1 0
defs.dev/schema/schema_generator.go:355.61,359.2 3 1
defs.dev/schema/schema_generator.go:362.58,369.35 3 1
defs.dev/schema/schema_generator.go:369.35,370.25 1 1
defs.dev/schema/schema_generator.go:371.10,372.45 1 1
defs.dev/schema/schema_generator.go:373.10,374.57 1 1
defs.dev/schema/schema_generator.go:374.57,376.5 1 1
defs.dev/schema/schema_generator.go:377.10,378.89 1 1
defs.dev/schema/schema_generator.go:378.89,380.19 2 1
defs.dev/schema/schema_generator.go:381.18,382.21 1 1
defs.dev/schema/schema_generator.go:383.17,384.20 1 1
defs.dev/schema/schema_generator.go:385.16,386.19 1 0
defs.dev/schema/schema_generator.go:387.13,387.13 0 1
defs.dev/schema/schema_generator.go:391.10,392.60 1 1
defs.dev/schema/schema_generator.go:392.60,395.5 2 1
defs.dev/schema/schema_generator.go:400.2,402.24 2 1
defs.dev/schema/schema_generator.go:406.58,410.35 2 1
defs.dev/schema/schema_generator.go:410.35,412.3 1 1
defs.dev/schema/schema_generator.go:415.2,417.24 2 1
defs.dev/schema/schema_generator.go:421.59,425.35 2 1
defs.dev/schema/schema_generator.go:425.35,427.3 1 1
defs.dev/schema/schema_generator.go:430.2,432.24 2 1
defs.dev/schema/schema_generator.go:436.59,443.2 3 1
defs.dev/schema/schema_generator.go:446.67,453.39 4 1
defs.dev/schema/schema_generator.go:453.39,455.3 1 1
defs.dev/schema/schema_generator.go:456.2,461.41 4 1
defs.dev/schema/schema_generator.go:461.41,466.24 3 1
defs.dev/schema/schema_generator.go:466.24,468.4 1 1
defs.dev/schema/schema_generator.go:471.2,471.28 1 1
defs.dev/schema/schema_generator.go:471.28,473.3 1 1
defs.dev/schema/schema_generator.go:476.2,476.28 1 1
defs.dev/schema/schema_generator.go:476.28,478.3 1 1
defs.dev/schema/schema_generator.go:481.2,483.24 2 1
defs.dev/schema/schema_generator.go:487.66,492.35 3 1
defs.dev/schema/schema_generator.go:492.35,494.3 1 1
defs.dev/schema/schema_generator.go:497.2,497.29 1 1
defs.dev/schema/schema_generator.go:497.29,499.3 1 1
defs.dev/schema/schema_generator.go:502.2,504.24 2 1
defs.dev/schema/schema_generator.go:508.66,511.18 2 1
defs.dev/schema/schema_generator.go:511.18,513.3 1 1
defs.dev/schema/schema_generator.go:514.2,518.33 3 1
defs.dev/schema/schema_generator.go:518.33,520.62 1 1
defs.dev/schema/schema_generator.go:520.62,522.4 1 1
defs.dev/schema/schema_generator.go:522.9,524.4 1 1
defs.dev/schema/schema_generator.go:528.2,528.41 1 1
defs.dev/schema/schema_generator.go:532.69,535.2 2 1
defs.dev/schema/schema_generator.go:538.56,540.2 1 1
defs.dev/schema/schema_generator.go:543.55,545.2 1 1
defs.dev/schema/schema_generator.go:550.60,552.2 1 1
defs.dev/schema/schema_generator.go:557.79,558.56 1 1
defs.dev/schema/schema_generator.go:558.56,561.3 2 0
defs.dev/schema/schema_generator.go:563.2,563.62 1 1
defs.dev/schema/schema_generator.go:563.62,566.3 2 0
defs.dev/schema/schema_generator.go:568.2,568.58 1 1
defs.dev/schema/schema_generator.go:568.58,571.3 2 1
defs.dev/schema/schema_generator.go:575.79,576.56 1 1
defs.dev/schema/schema_generator.go:576.56,579.3 2 0
defs.dev/schema/schema_generator.go:581.2,581.62 1 1
defs.dev/schema/schema_generator.go:581.62,584.3 2 0
defs.dev/schema/schema_generator.go:586.2,586.58 1 1
defs.dev/schema/schema_generator.go:586.58,589.3 2 1
defs.dev/schema/schema_generator.go:593.81,594.56 1 1
defs.dev/schema/schema_generator.go:594.56,597.3 2 0
defs.dev/schema/schema_generator.go:599.2,599.62 1 1
defs.dev/schema/schema_generator.go:599.62,602.3 2 0
defs.dev/schema/schema_generator.go:604.2,604.58 1 1
defs.dev/schema/schema_generator.go:604.58,607.3 2 1
defs.dev/schema/schema_generator.go:611.81,612.56 1 1
defs.dev/schema/schema_generator.go:612.56,615.3 2 0
defs.dev/schema/schema_generator.go:617.2,617.62 1 1
defs.dev/schema/schema_generator.go:617.62,620.3 2 0
defs.dev/schema/schema_generator.go:622.2,622.58 1 1
defs.dev/schema/schema_generator.go:622.58,625.3 2 1
defs.dev/schema/schema_generator.go:629.79,630.56 1 1
defs.dev/schema/schema_generator.go:630.56,633.3 2 0
defs.dev/schema/schema_generator.go:635.2,635.62 1 1
defs.dev/schema/schema_generator.go:635.62,638.3 2 0
defs.dev/schema/schema_generator.go:642.77,643.56 1 1
defs.dev/schema/schema_generator.go:643.56,646.3 2 0
defs.dev/schema/schema_generator.go:648.2,648.62 1 1
defs.dev/schema/schema_generator.go:648.62,651.3 2 0
defs.dev/schema/schema_generator.go:655.82,657.28 1 1
defs.dev/schema/schema_generator.go:657.28,661.3 3 1
defs.dev/schema/schema_generator.go:665.82,667.28 1 1
defs.dev/schema/schema_generator.go:667.28,671.3 3 1
defs.dev/schema/schema_generator.go:675.84,677.28 1 1
defs.dev/schema/schema_generator.go:677.28,681.3 3 1
defs.dev/schema/schema_generator.go:685.80,687.28 1 1
defs.dev/schema/schema_generator.go:687.28,691.3 3 1
defs.dev/schema/schema_generator.go:695.75,699.33 3 1
defs.dev/schema/schema_generator.go:699.33,701.3 1 1
defs.dev/schema/schema_generator.go:703.2,703.25 1 1
defs.dev/schema/schema_generator.go:707.55,711.28 3 1
defs.dev/schema/schema_generator.go:711.28,713.3 1 1
defs.dev/schema/schema_generator.go:713.8,715.3 1 1
defs.dev/schema/schema_generator.go:719.71,726.2 2 1
defs.dev/schema/schema_generator.go:729.76,735.2 1 1
defs.dev/schema/schema_generator.go:738.54,745.2 1 1
defs.dev/schema/schema_generator.go:748.53,755.2 1 1
defs.dev/schema/schema_generator.go:758.68,761.24 3 1
defs.dev/schema/schema_generator.go:761.24,763.3 1 1
defs.dev/schema/schema_generator.go:764.2,764.23 1 1
defs.dev/schema/schema_generator.go:768.70,772.29 3 1
defs.dev/schema/schema_generator.go:772.29,775.7 3 1
defs.dev/schema/schema_generator.go:775.7,777.41 2 1
defs.dev/schema/schema_generator.go:777.41,778.10 1 1
defs.dev/schema/schema_generator.go:780.4,780.14 1 1
defs.dev/schema/schema_generator.go:782.3,783.18 2 1
defs.dev/schema/schema_generator.go:786.2,786.14 1 1
defs.dev/schema/schema_generator.go:790.58,791.37 1 1
defs.dev/schema/schema_generator.go:792.19,793.62 1 1
defs.dev/schema/schema_generator.go:794.17,795.54 1 0
defs.dev/schema/schema_generator.go:796.16,797.41 1 0
defs.dev/schema/schema_generator.go:798.10,799.62 1 0
defs.dev/schema/schema_generator.go:804.64,814.30 6 1
defs.dev/schema/schema_generator.go:814.30,816.3 1 1
defs.dev/schema/schema_generator.go:818.2,818.23 1 1
defs.dev/schema/schema_generator.go:824.30,826.2 1 1
defs.dev/schema/schema_generator.go:829.42,831.2 1 1
defs.dev/schema/schema_generator.go:834.48,838.2 3 1
defs.dev/schema/schema_generator.go:841.36,843.2 1 1
defs.dev/schema/schema_generator.go:846.37,848.2 1 1
defs.dev/schema/schema_generator.go:851.39,859.2 7 1
defs.dev/schema/visitor.go:18.60,20.2 1 1
defs.dev/schema/visitor.go:22.60,24.2 1 1
defs.dev/schema/visitor.go:26.61,28.2 1 1
defs.dev/schema/visitor.go:30.61,32.2 1 1
defs.dev/schema/visitor.go:34.59,36.2 1 1
defs.dev/schema/visitor.go:38.60,40.2 1 1
defs.dev/schema/visitor.go:42.62,44.2 1 1
defs.dev/schema/visitor.go:46.59,48.2 1 1
defs.dev/schema/visitor.go:58.60,58.74 1 1
defs.dev/schema/visitor.go:59.60,59.74 1 1
defs.dev/schema/visitor.go:60.60,60.74 1 1
defs.dev/schema/visitor.go:61.60,61.74 1 1
defs.dev/schema/visitor.go:62.60,62.74 1 1
defs.dev/schema/visitor.go:63.60,63.74 1 1
defs.dev/schema/visitor.go:64.60,64.74 1 1
defs.dev/schema/visitor.go:65.60,65.74 1 1
defs.dev/schema/visitor.go:74.72,76.2 1 1
defs.dev/schema/visitor.go:78.66,80.42 1 1
defs.dev/schema/visitor.go:80.42,82.3 1 0
defs.dev/schema/visitor.go:85.2,85.58 1 1
defs.dev/schema/visitor.go:85.58,86.48 1 1
defs.dev/schema/visitor.go:86.48,88.4 1 1
defs.dev/schema/visitor.go:90.2,90.12 1 0
defs.dev/schema/visitor.go:93.68,95.42 1 1
defs.dev/schema/visitor.go:95.42,97.3 1 0
defs.dev/schema/visitor.go:100.2,100.49 1 1
defs.dev/schema/visitor.go:100.49,101.48 1 1
defs.dev/schema/visitor.go:101.48,102.45 1 1
defs.dev/schema/visitor.go:102.45,104.5 1 0
defs.dev/schema/visitor.go:107.2,107.12 1 1
defs.dev/schema/visitor.go:110.72,112.42 1 1
defs.dev/schema/visitor.go:112.42,114.3 1 0
defs.dev/schema/visitor.go:117.2,117.46 1 1
defs.dev/schema/visitor.go:117.46,118.49 1 1
defs.dev/schema/visitor.go:118.49,119.45 1 1
defs.dev/schema/visitor.go:119.45,121.5 1 0
defs.dev/schema/visitor.go:125.2,125.49 1 1
defs.dev/schema/visitor.go:125.49,126.45 1 1
defs.dev/schema/visitor.go:126.45,127.45 1 1
defs.dev/schema/visitor.go:127.45,129.5 1 0
defs.dev/schema/visitor.go:133.2,133.46 1 1
defs.dev/schema/visitor.go:133.46,134.44 1 0
defs.dev/schema/visitor.go:134.44,135.45 1 0
defs.dev/schema/visitor.go:135.45,137.5 1 0
defs.dev/schema/visitor.go:141.2,141.12 1 1
defs.dev/schema/visitor.go:144.66,146.42 1 1
defs.dev/schema/visitor.go:146.42,148.3 1 0
defs.dev/schema/visitor.go:151.2,151.47 1 1
defs.dev/schema/visitor.go:151.47,152.49 1 1
defs.dev/schema/visitor.go:152.49,153.45 1 1
defs.dev/schema/visitor.go:153.45,155.5 1 0
defs.dev/schema/visitor.go:158.2,158.12 1 1
defs.dev/schema/visitor.go:162.68,164.2 1 1
defs.dev/schema/visitor.go:166.68,168.2 1 1
defs.dev/schema/visitor.go:170.70,172.2 1 1
defs.dev/schema/visitor.go:174.70,176.2 1 0
defs.dev/schema/visitor.go:179.60,181.43 2 1
defs.dev/schema/visitor.go:181.43,183.3 1 1
defs.dev/schema/visitor.go:184.2,184.24 1 0
defs.dev/schema/visitor.go:195.74,198.2 2 1
defs.dev/schema/visitor.go:206.56,210.2 1 1
defs.dev/schema/visitor.go:212.73,214.16 2 1
defs.dev/schema/visitor.go:214.16,216.3 1 0
defs.dev/schema/visitor.go:219.2,220.12 2 1
defs.dev/schema/visitor.go:244.68,247.2 2 1
defs.dev/schema/visitor.go:249.68,252.2 2 0
defs.dev/schema/visitor.go:254.70,257.2 2 1
defs.dev/schema/visitor.go:259.70,262.2 2 0
defs.dev/schema/visitor.go:264.73,268.32 2 1
defs.dev/schema/visitor.go:268.32,270.3 1 1
defs.dev/schema/visitor.go:271.2,271.12 1 1
defs.dev/schema/visitor.go:274.75,281.2 4 1
defs.dev/schema/visitor.go:283.79,289.2 2 0
defs.dev/schema/visitor.go:291.73,294.2 2 1
defs.dev/schema/functions/local/factory.go:9.39,11.2 1 1
defs.dev/schema/functions/local/factory.go:14.39,18.2 3 1
defs.dev/schema/functions/local/function.go:32.39,34.2 1 0
defs.dev/schema/functions/local/function.go:36.57,43.56 2 0
defs.dev/schema/functions/local/function.go:43.56,44.51 1 0
defs.dev/schema/functions/local/function.go:44.51,46.4 1 0
defs.dev/schema/functions/local/function.go:47.3,47.43 1 0
defs.dev/schema/functions/local/function.go:47.43,49.4 1 0
defs.dev/schema/functions/local/function.go:52.2,52.22 1 0
defs.dev/schema/functions/local/function.go:52.22,54.3 1 0
defs.dev/schema/functions/local/function.go:56.2,56.55 1 0
defs.dev/schema/functions/local/function.go:60.111,62.68 1 1
defs.dev/schema/functions/local/function.go:62.68,68.3 1 1
defs.dev/schema/functions/local/function.go:71.2,72.16 2 1
defs.dev/schema/functions/local/function.go:72.16,78.3 1 0
defs.dev/schema/functions/local/function.go:81.2,81.22 1 1
defs.dev/schema/functions/local/function.go:81.22,82.66 1 1
defs.dev/schema/functions/local/function.go:82.66,85.4 1 0
defs.dev/schema/functions/local/function.go:88.2,88.20 1 1
defs.dev/schema/functions/local/function.go:92.85,94.16 2 0
defs.dev/schema/functions/local/function.go:94.16,96.3 1 0
defs.dev/schema/functions/local/function.go:98.2,99.16 2 0
defs.dev/schema/functions/local/function.go:99.16,101.3 1 0
defs.dev/schema/functions/local/function.go:104.2,105.16 2 0
defs.dev/schema/functions/local/function.go:105.16,107.3 1 0
defs.dev/schema/functions/local/function.go:109.2,109.57 1 0
defs.dev/schema/functions/local/function.go:109.57,111.3 1 0
defs.dev/schema/functions/local/function.go:113.2,113.12 1 0
defs.dev/schema/functions/local/function.go:117.58,121.2 1 1
defs.dev/schema/functions/local/function.go:127.79,130.2 2 1
defs.dev/schema/functions/local/function.go:132.87,135.2 2 1
defs.dev/schema/functions/local/function.go:137.84,140.2 2 1
defs.dev/schema/functions/local/function.go:142.94,145.2 2 1
defs.dev/schema/functions/local/function.go:147.101,154.2 2 0
defs.dev/schema/functions/local/function.go:156.70,159.2 2 0
defs.dev/schema/functions/local/function.go:161.61,162.34 1 1
defs.dev/schema/functions/local/function.go:162.34,163.55 1 0
defs.dev/schema/functions/local/function.go:165.2,165.31 1 1
defs.dev/schema/functions/local/function.go:165.31,166.45 1 0
defs.dev/schema/functions/local/function.go:168.2,168.19 1 1
defs.dev/schema/functions/local/function.go:180.40,181.21 1 0
defs.dev/schema/functions/local/function.go:181.21,183.3 1 0
defs.dev/schema/functions/local/function.go:185.2,185.23 1 0
defs.dev/schema/functions/local/function.go:185.23,188.42 2 0
defs.dev/schema/functions/local/function.go:188.42,189.32 1 0
defs.dev/schema/functions/local/function.go:189.32,191.5 1 0
defs.dev/schema/functions/local/function.go:191.10,193.5 1 0
defs.dev/schema/functions/local/function.go:196.4,196.38 1 0
defs.dev/schema/functions/local/function.go:196.38,198.5 1 0
defs.dev/schema/functions/local/function.go:201.3,201.25 1 0
defs.dev/schema/functions/local/function.go:201.25,203.4 1 0
defs.dev/schema/functions/local/function.go:203.9,205.40 2 0
defs.dev/schema/functions/local/function.go:205.40,207.5 1 0
defs.dev/schema/functions/local/function.go:208.4,208.123 1 0
defs.dev/schema/functions/local/function.go:212.2,212.20 1 0
defs.dev/schema/functions/local/function.go:212.20,214.3 1 0
defs.dev/schema/functions/local/function.go:216.2,216.71 1 0
defs.dev/schema/functions/local/function.go:219.40,221.2 1 0
defs.dev/schema/functions/local/function.go:224.88,226.22 1 0
defs.dev/schema/functions/local/function.go:226.22,228.3 1 0
defs.dev/schema/functions/local/function.go:230.2,231.29 2 0
defs.dev/schema/functions/local/function.go:231.29,233.21 2 0
defs.dev/schema/functions/local/function.go:233.21,235.4 1 0
defs.dev/schema/functions/local/function.go:235.9,237.4 1 0
defs.dev/schema/functions/local/function.go:240.3,240.27 1 0
defs.dev/schema/functions/local/function.go:240.27,242.4 1 0
defs.dev/schema/functions/local/function.go:245.3,245.23 1 0
defs.dev/schema/functions/local/function.go:245.23,247.4 1 0
defs.dev/schema/functions/local/function.go:250.3,250.25 1 0
defs.dev/schema/functions/local/function.go:250.25,252.4 1 0
defs.dev/schema/functions/local/function.go:254.3,254.45 1 0
defs.dev/schema/functions/local/portal.go:22.26,26.2 1 1
defs.dev/schema/functions/local/portal.go:28.34,30.2 1 1
defs.dev/schema/functions/local/portal.go:32.83,36.2 2 1
defs.dev/schema/functions/local/portal.go:38.116,59.2 6 1
defs.dev/schema/functions/local/portal.go:61.96,66.13 4 1
defs.dev/schema/functions/local/portal.go:66.13,72.3 1 0
defs.dev/schema/functions/local/portal.go:74.2,74.22 1 1
defs.dev/schema/functions/local/portal.go:79.63,89.2 4 1
defs.dev/schema/functions/local/portal.go:91.57,94.21 2 1
defs.dev/schema/functions/local/portal.go:94.21,96.3 1 1
defs.dev/schema/functions/local/portal.go:97.2,97.18 1 0
defs.dev/schema/functions/local/portal.go:100.85,105.22 3 1
defs.dev/schema/functions/local/portal.go:105.22,107.3 1 1
defs.dev/schema/functions/local/portal.go:109.2,110.40 2 1
defs.dev/schema/functions/local/portal.go:110.40,112.3 1 1
defs.dev/schema/functions/local/portal.go:113.2,115.24 2 1
defs.dev/schema/functions/local/portal.go:118.82,120.2 1 1
defs.dev/schema/functions/local/portal.go:122.89,126.2 1 1
defs.dev/schema/functions/local/portal.go:128.76,132.2 1 1
defs.dev/schema/functions/http/examples/basic/main.go:13.13,18.137 3 0
defs.dev/schema/functions/http/examples/basic/main.go:18.137,24.24 5 0
defs.dev/schema/functions/http/examples/basic/main.go:24.24,26.4 1 0
defs.dev/schema/functions/http/examples/basic/main.go:27.3,27.43 1 0
defs.dev/schema/functions/http/examples/basic/main.go:27.43,29.4 1 0
defs.dev/schema/functions/http/examples/basic/main.go:31.3,34.10 1 0
defs.dev/schema/functions/http/examples/basic/main.go:38.2,65.45 5 0
defs.dev/schema/functions/http/examples/basic/main.go:65.45,67.3 1 0
defs.dev/schema/functions/http/examples/basic/main.go:68.2,68.15 1 0
defs.dev/schema/functions/http/examples/basic/main.go:68.15,72.3 3 0
defs.dev/schema/functions/http/examples/basic/main.go:74.2,78.16 3 0
defs.dev/schema/functions/http/examples/basic/main.go:78.16,80.3 1 0
defs.dev/schema/functions/http/examples/basic/main.go:82.2,83.16 2 0
defs.dev/schema/functions/http/examples/basic/main.go:83.16,85.3 1 0
defs.dev/schema/functions/http/examples/basic/main.go:87.2,98.16 6 0
defs.dev/schema/functions/http/examples/basic/main.go:98.16,100.3 1 0
defs.dev/schema/functions/http/examples/basic/main.go:102.2,122.37 4 0
defs.dev/schema/functions/http/examples/basic/main.go:122.37,126.17 3 0
defs.dev/schema/functions/http/examples/basic/main.go:126.17,128.4 1 0
defs.dev/schema/functions/http/examples/basic/main.go:128.9,130.4 1 0
defs.dev/schema/functions/http/examples/basic/main.go:134.2,140.39 4 0
defs.dev/schema/functions/http/examples/basic/main.go:140.39,142.3 1 0
defs.dev/schema/functions/http/examples/basic/main.go:145.2,157.58 10 0
defs.dev/schema/functions/http/examples/basic/main.go:161.38,165.2 1 0
defs.dev/schema/functions/http/examples/basic/main.go:167.42,168.43 1 0
defs.dev/schema/functions/http/examples/basic/main.go:168.43,169.35 1 0
defs.dev/schema/functions/http/examples/basic/main.go:169.35,171.4 1 0
defs.dev/schema/functions/http/examples/basic/main.go:173.2,173.11 1 0
defs.dev/schema/functions/javascript/errors.go:19.42,20.21 1 0
defs.dev/schema/functions/javascript/errors.go:20.21,22.3 1 0
defs.dev/schema/functions/javascript/errors.go:24.2,24.23 1 0
defs.dev/schema/functions/javascript/errors.go:24.23,27.42 2 0
defs.dev/schema/functions/javascript/errors.go:27.42,28.32 1 0
defs.dev/schema/functions/javascript/errors.go:28.32,30.5 1 0
defs.dev/schema/functions/javascript/errors.go:30.10,32.5 1 0
defs.dev/schema/functions/javascript/errors.go:35.4,35.38 1 0
defs.dev/schema/functions/javascript/errors.go:35.38,37.5 1 0
defs.dev/schema/functions/javascript/errors.go:40.3,40.25 1 0
defs.dev/schema/functions/javascript/errors.go:40.25,42.4 1 0
defs.dev/schema/functions/javascript/errors.go:42.9,44.40 2 0
defs.dev/schema/functions/javascript/errors.go:44.40,46.5 1 0
defs.dev/schema/functions/javascript/errors.go:47.4,47.137 1 0
defs.dev/schema/functions/javascript/errors.go:51.2,51.20 1 0
defs.dev/schema/functions/javascript/errors.go:51.20,53.3 1 0
defs.dev/schema/functions/javascript/errors.go:55.2,55.82 1 0
defs.dev/schema/functions/javascript/errors.go:58.42,60.2 1 0
defs.dev/schema/functions/javascript/errors.go:69.40,70.20 1 0
defs.dev/schema/functions/javascript/errors.go:70.20,73.3 1 0
defs.dev/schema/functions/javascript/errors.go:74.2,74.90 1 0
defs.dev/schema/functions/javascript/errors.go:77.40,79.2 1 0
defs.dev/schema/functions/javascript/errors.go:82.103,88.2 1 1
defs.dev/schema/functions/javascript/errors.go:91.82,97.2 1 1
defs.dev/schema/functions/javascript/errors.go:100.76,106.2 1 1
defs.dev/schema/functions/javascript/errors.go:109.72,116.2 1 0
defs.dev/schema/functions/javascript/errors.go:119.88,121.29 2 1
defs.dev/schema/functions/javascript/errors.go:121.29,122.21 1 1
defs.dev/schema/functions/javascript/errors.go:122.21,124.4 1 0
defs.dev/schema/functions/javascript/errors.go:124.9,126.4 1 1
defs.dev/schema/functions/javascript/errors.go:130.2,131.50 1 1
defs.dev/schema/functions/javascript/factory.go:11.39,14.2 2 1
defs.dev/schema/functions/javascript/factory.go:17.62,20.2 2 0
defs.dev/schema/functions/javascript/factory.go:23.39,28.2 4 1
defs.dev/schema/functions/javascript/factory.go:31.62,36.2 4 0
defs.dev/schema/functions/javascript/factory.go:43.108,46.9 2 0
defs.dev/schema/functions/javascript/factory.go:46.9,47.84 1 0
defs.dev/schema/functions/javascript/factory.go:49.2,49.66 1 0
defs.dev/schema/functions/javascript/factory.go:52.71,55.9 2 1
defs.dev/schema/functions/javascript/factory.go:55.9,56.84 1 1
defs.dev/schema/functions/javascript/factory.go:58.2,58.61 1 1
defs.dev/schema/functions/javascript/factory.go:62.101,69.2 5 1
defs.dev/schema/functions/javascript/factory.go:72.95,74.2 1 1
defs.dev/schema/functions/javascript/function.go:25.44,27.2 1 0
defs.dev/schema/functions/javascript/function.go:29.62,36.56 2 0
defs.dev/schema/functions/javascript/function.go:36.56,37.51 1 0
defs.dev/schema/functions/javascript/function.go:37.51,39.4 1 0
defs.dev/schema/functions/javascript/function.go:40.3,40.43 1 0
defs.dev/schema/functions/javascript/function.go:40.43,42.4 1 0
defs.dev/schema/functions/javascript/function.go:45.2,45.22 1 0
defs.dev/schema/functions/javascript/function.go:45.22,47.3 1 0
defs.dev/schema/functions/javascript/function.go:49.2,49.55 1 0
defs.dev/schema/functions/javascript/function.go:52.116,54.68 1 1
defs.dev/schema/functions/javascript/function.go:54.68,56.3 1 1
defs.dev/schema/functions/javascript/function.go:59.2,60.16 2 1
defs.dev/schema/functions/javascript/function.go:60.16,62.3 1 1
defs.dev/schema/functions/javascript/function.go:65.2,66.33 2 1
defs.dev/schema/functions/javascript/function.go:66.33,68.3 1 0
defs.dev/schema/functions/javascript/function.go:71.2,72.16 2 1
defs.dev/schema/functions/javascript/function.go:72.16,74.3 1 1
defs.dev/schema/functions/javascript/function.go:77.2,77.22 1 1
defs.dev/schema/functions/javascript/function.go:77.22,78.78 1 1
defs.dev/schema/functions/javascript/function.go:78.78,81.4 1 1
defs.dev/schema/functions/javascript/function.go:84.2,84.20 1 1
defs.dev/schema/functions/javascript/function.go:88.69,89.17 1 1
defs.dev/schema/functions/javascript/function.go:89.17,91.3 1 0
defs.dev/schema/functions/javascript/function.go:94.2,101.16 3 1
defs.dev/schema/functions/javascript/function.go:101.16,103.3 1 1
defs.dev/schema/functions/javascript/function.go:106.2,107.49 2 1
defs.dev/schema/functions/javascript/function.go:107.49,109.3 1 0
defs.dev/schema/functions/javascript/function.go:112.2,112.48 1 1
defs.dev/schema/functions/javascript/function.go:112.48,114.3 1 0
defs.dev/schema/functions/javascript/function.go:117.2,118.16 2 1
[...]
defs.dev/schema/functions/websocket/middleware.go:110.10,112.5 1 0
defs.dev/schema/functions/websocket/middleware.go:114.17,116.34 1 0
defs.dev/schema/functions/websocket/middleware.go:116.34,117.61 1 0
defs.dev/schema/functions/websocket/middleware.go:117.61,118.24 1 0
defs.dev/schema/functions/websocket/middleware.go:118.24,120.6 1 0
defs.dev/schema/functions/websocket/middleware.go:121.10,123.5 1 0
defs.dev/schema/functions/websocket/middleware.go:125.16,127.25 1 0
defs.dev/schema/functions/websocket/middleware.go:127.25,129.4 1 0
defs.dev/schema/functions/websocket/middleware.go:131.2,131.12 1 1
defs.dev/schema/functions/websocket/middleware.go:134.87,137.2 1 1
defs.dev/schema/functions/websocket/middleware.go:139.90,142.2 1 1
defs.dev/schema/functions/websocket/middleware.go:156.48,160.2 1 1
defs.dev/schema/functions/websocket/middleware.go:162.91,166.33 2 1
defs.dev/schema/functions/websocket/middleware.go:166.33,168.3 1 1
defs.dev/schema/functions/websocket/middleware.go:168.8,168.76 1 1
defs.dev/schema/functions/websocket/middleware.go:168.76,169.58 1 1
defs.dev/schema/functions/websocket/middleware.go:169.58,173.4 3 1
defs.dev/schema/functions/websocket/middleware.go:177.2,177.34 1 1
defs.dev/schema/functions/websocket/middleware.go:177.34,179.3 1 0
defs.dev/schema/functions/websocket/middleware.go:181.2,181.12 1 1
defs.dev/schema/functions/websocket/middleware.go:184.80,188.2 3 1
defs.dev/schema/functions/websocket/middleware.go:190.83,194.2 3 1
defs.dev/schema/functions/websocket/middleware.go:197.65,202.22 4 1
defs.dev/schema/functions/websocket/middleware.go:202.22,204.3 1 1
defs.dev/schema/functions/websocket/middleware.go:206.2,214.3 1 1
defs.dev/schema/functions/websocket/middleware.go:225.54,236.2 1 0
defs.dev/schema/functions/websocket/middleware.go:238.94,240.29 1 0
defs.dev/schema/functions/websocket/middleware.go:240.29,242.46 2 0
defs.dev/schema/functions/websocket/middleware.go:242.46,243.31 1 0
defs.dev/schema/functions/websocket/middleware.go:243.31,245.10 2 0
defs.dev/schema/functions/websocket/middleware.go:248.3,248.19 1 0
defs.dev/schema/functions/websocket/middleware.go:248.19,250.4 1 0
defs.dev/schema/functions/websocket/middleware.go:254.2,254.18 1 0
defs.dev/schema/functions/websocket/middleware.go:254.18,256.3 1 0
defs.dev/schema/functions/websocket/middleware.go:259.2,259.30 1 0
defs.dev/schema/functions/websocket/middleware.go:259.30,261.3 1 0
defs.dev/schema/functions/websocket/middleware.go:263.2,263.12 1 0
defs.dev/schema/functions/websocket/middleware.go:266.83,269.2 1 0
defs.dev/schema/functions/websocket/middleware.go:271.86,274.2 1 0
defs.dev/schema/functions/websocket/middleware.go:289.76,294.2 1 0
defs.dev/schema/functions/websocket/middleware.go:296.93,299.13 2 0
defs.dev/schema/functions/websocket/middleware.go:299.13,306.3 2 0
defs.dev/schema/functions/websocket/middleware.go:309.2,316.24 6 0
defs.dev/schema/functions/websocket/middleware.go:316.24,318.3 1 0
defs.dev/schema/functions/websocket/middleware.go:321.2,323.12 2 0
defs.dev/schema/functions/websocket/middleware.go:326.82,334.2 2 0
defs.dev/schema/functions/websocket/middleware.go:336.85,340.2 2 0
defs.dev/schema/functions/websocket/middleware.go:343.24,344.11 1 0
defs.dev/schema/functions/websocket/middleware.go:344.11,346.3 1 0
defs.dev/schema/functions/websocket/middleware.go:347.2,347.10 1 0
defs.dev/schema/functions/websocket/middleware.go:357.79,362.2 1 0
defs.dev/schema/functions/websocket/middleware.go:364.95,368.2 1 0
defs.dev/schema/functions/websocket/middleware.go:370.84,373.2 1 0
defs.dev/schema/functions/websocket/middleware.go:375.87,378.2 1 0
defs.dev/schema/functions/websocket/middleware.go:390.105,396.2 1 0
defs.dev/schema/functions/websocket/middleware.go:398.98,400.30 1 0
defs.dev/schema/functions/websocket/middleware.go:400.30,402.53 1 0
defs.dev/schema/functions/websocket/middleware.go:402.53,405.4 2 0
defs.dev/schema/functions/websocket/middleware.go:405.9,407.4 1 0
defs.dev/schema/functions/websocket/middleware.go:411.2,411.34 1 0
defs.dev/schema/functions/websocket/middleware.go:411.34,415.38 3 0
defs.dev/schema/functions/websocket/middleware.go:415.38,417.4 1 0
defs.dev/schema/functions/websocket/middleware.go:418.8,418.44 1 0
defs.dev/schema/functions/websocket/middleware.go:418.44,420.36 1 0
defs.dev/schema/functions/websocket/middleware.go:420.36,423.4 2 0
defs.dev/schema/functions/websocket/middleware.go:426.2,426.12 1 0
defs.dev/schema/functions/websocket/middleware.go:429.87,432.2 1 0
defs.dev/schema/functions/websocket/middleware.go:434.90,437.2 1 0
defs.dev/schema/functions/websocket/middleware.go:440.54,442.2 1 0
defs.dev/schema/functions/websocket/middleware.go:445.60,447.2 1 0
defs.dev/schema/functions/websocket/middleware.go:453.91,454.43 1 0
defs.dev/schema/functions/websocket/middleware.go:454.43,455.62 1 0
defs.dev/schema/functions/websocket/middleware.go:455.62,457.4 1 0
defs.dev/schema/functions/websocket/middleware.go:459.2,459.12 1 0
defs.dev/schema/functions/websocket/middleware.go:462.80,463.43 1 0
defs.dev/schema/functions/websocket/middleware.go:463.43,464.60 1 0
defs.dev/schema/functions/websocket/middleware.go:464.60,466.4 1 0
defs.dev/schema/functions/websocket/middleware.go:468.2,468.12 1 0
defs.dev/schema/functions/websocket/middleware.go:471.83,473.47 1 0
defs.dev/schema/functions/websocket/middleware.go:473.47,476.3 2 0
defs.dev/schema/functions/websocket/middleware.go:477.2,477.12 1 0
defs.dev/schema/functions/websocket/middleware.go:481.124,486.2 1 0
defs.dev/schema/functions/websocket/middleware.go:493.95,494.28 1 0
defs.dev/schema/functions/websocket/middleware.go:494.28,496.3 1 0
defs.dev/schema/functions/websocket/middleware.go:497.2,497.12 1 0
defs.dev/schema/functions/websocket/middleware.go:500.84,503.2 1 0
defs.dev/schema/functions/websocket/middleware.go:505.87,508.2 1 0
defs.dev/schema/functions/websocket/portal.go:16.112,18.19 1 1
defs.dev/schema/functions/websocket/portal.go:18.19,20.3 1 0
defs.dev/schema/functions/websocket/portal.go:21.2,21.23 1 1
defs.dev/schema/functions/websocket/portal.go:21.23,23.3 1 0
defs.dev/schema/functions/websocket/portal.go:26.2,27.9 2 1
defs.dev/schema/functions/websocket/portal.go:27.9,29.3 1 0
defs.dev/schema/functions/websocket/portal.go:32.2,33.16 2 1
defs.dev/schema/functions/websocket/portal.go:33.16,35.3 1 0
defs.dev/schema/functions/websocket/portal.go:38.2,42.8 1 1
defs.dev/schema/functions/websocket/portal.go:46.82,49.16 2 1
defs.dev/schema/functions/websocket/portal.go:49.16,51.3 1 0
defs.dev/schema/functions/websocket/portal.go:54.2,55.31 2 1
defs.dev/schema/functions/websocket/portal.go:55.31,57.3 1 0
defs.dev/schema/functions/websocket/portal.go:59.2,60.16 2 1
defs.dev/schema/functions/websocket/portal.go:60.16,62.3 1 0
defs.dev/schema/functions/websocket/portal.go:64.2,65.15 2 1
defs.dev/schema/functions/websocket/portal.go:65.15,66.22 1 0
defs.dev/schema/functions/websocket/portal.go:66.22,68.4 1 0
defs.dev/schema/functions/websocket/portal.go:68.9,70.4 1 0
defs.dev/schema/functions/websocket/portal.go:73.2,74.16 2 1
defs.dev/schema/functions/websocket/portal.go:74.16,76.3 1 0
defs.dev/schema/functions/websocket/portal.go:79.2,84.21 3 1
defs.dev/schema/functions/websocket/portal.go:88.45,90.2 1 1
defs.dev/schema/functions/websocket/portal.go:93.98,96.16 2 1
defs.dev/schema/functions/websocket/portal.go:96.16,98.3 1 0
defs.dev/schema/functions/websocket/portal.go:101.2,101.44 1 1
defs.dev/schema/functions/websocket/portal.go:101.44,103.3 1 0
defs.dev/schema/functions/websocket/portal.go:107.2,111.63 3 1
defs.dev/schema/functions/websocket/portal.go:111.63,113.3 1 1
defs.dev/schema/functions/websocket/portal.go:115.2,117.9 1 1
defs.dev/schema/functions/websocket/portal.go:123.65,124.31 1 1
defs.dev/schema/functions/websocket/portal.go:124.31,125.18 1 1
defs.dev/schema/functions/websocket/portal.go:125.18,127.4 1 1
defs.dev/schema/functions/websocket/portal.go:129.2,129.14 1 0
defs.dev/schema/functions/websocket/portal.go:133.64,135.2 1 1
defs.dev/schema/functions/websocket/portal.go:138.85,142.32 3 0
defs.dev/schema/functions/websocket/portal.go:142.32,144.3 1 0
defs.dev/schema/functions/websocket/portal.go:145.2,146.15 2 0
defs.dev/schema/functions/websocket/portal.go:152.41,154.44 2 1
defs.dev/schema/functions/websocket/portal.go:154.44,156.3 1 0
defs.dev/schema/functions/websocket/portal.go:159.2,159.38 1 1
defs.dev/schema/functions/websocket/portal.go:163.90,165.16 2 0
defs.dev/schema/functions/websocket/portal.go:165.16,167.3 1 0
defs.dev/schema/functions/websocket/portal.go:169.2,175.16 5 0
defs.dev/schema/functions/websocket/portal.go:175.16,176.22 1 0
defs.dev/schema/functions/websocket/portal.go:176.22,178.4 1 0
defs.dev/schema/functions/websocket/portal.go:178.9,180.4 1 0
defs.dev/schema/functions/websocket/portal.go:183.2,183.38 1 0
defs.dev/schema/functions/websocket/portal.go:187.44,189.16 2 0
defs.dev/schema/functions/websocket/portal.go:189.16,191.3 1 0
defs.dev/schema/functions/websocket/portal.go:193.2,193.59 1 0
defs.dev/schema/functions/websocket/portal.go:193.59,195.3 1 0
defs.dev/schema/functions/websocket/portal.go:197.2,197.26 1 0
defs.dev/schema/functions/websocket/portal.go:197.26,199.3 1 0
defs.dev/schema/functions/websocket/portal.go:201.2,201.12 1 0
defs.dev/schema/functions/websocket/portal.go:205.41,207.48 1 0
defs.dev/schema/functions/websocket/portal.go:207.48,209.3 1 0
defs.dev/schema/functions/websocket/portal.go:212.2,212.21 1 0
defs.dev/schema/functions/websocket/portal.go:212.21,215.3 2 0
defs.dev/schema/functions/websocket/portal.go:217.2,217.12 1 0
defs.dev/schema/functions/websocket/portal.go:221.62,246.2 6 0
defs.dev/schema/functions/websocket/portal.go:249.58,251.45 1 0
defs.dev/schema/functions/websocket/portal.go:251.45,253.3 1 0
defs.dev/schema/functions/websocket/portal.go:255.2,255.23 1 0
defs.dev/schema/functions/websocket/portal.go:255.23,257.3 1 0
defs.dev/schema/functions/websocket/portal.go:259.2,259.23 1 0
defs.dev/schema/functions/websocket/portal.go:259.23,261.3 1 0
defs.dev/schema/functions/websocket/portal.go:263.2,263.32 1 0
defs.dev/schema/functions/websocket/portal.go:263.32,265.3 1 0
defs.dev/schema/functions/websocket/portal.go:268.2,270.12 2 0
defs.dev/schema/functions/websocket/portal.go:274.46,276.2 1 1
defs.dev/schema/functions/websocket/portal.go:279.66,281.45 1 0
defs.dev/schema/functions/websocket/portal.go:281.45,283.3 1 0
defs.dev/schema/functions/websocket/portal.go:286.2,288.37 3 0
defs.dev/schema/functions/websocket/portal.go:288.37,289.10 1 0
defs.dev/schema/functions/websocket/portal.go:290.30,291.26 1 0
defs.dev/schema/functions/websocket/portal.go:292.11,292.11 0 0
defs.dev/schema/functions/websocket/portal.go:296.2,299.30 3 0
defs.dev/schema/functions/websocket/portal.go:299.30,301.3 1 0
defs.dev/schema/functions/websocket/portal.go:303.2,303.12 1 0
defs.dev/schema/functions/websocket/portal.go:307.63,310.37 3 0
defs.dev/schema/functions/websocket/portal.go:310.37,321.3 4 0
defs.dev/schema/functions/websocket/portal.go:323.2,324.37 2 0
defs.dev/schema/functions/websocket/portal.go:324.37,330.3 1 0
defs.dev/schema/functions/websocket/portal.go:331.2,338.3 2 0
defs.dev/schema/functions/websocket/server.go:18.47,19.21 1 1
defs.dev/schema/functions/websocket/server.go:19.21,21.3 1 0
defs.dev/schema/functions/websocket/server.go:24.2,49.12 6 1
defs.dev/schema/functions/websocket/server.go:49.12,51.32 2 1
defs.dev/schema/functions/websocket/server.go:51.32,53.4 1 0
defs.dev/schema/functions/websocket/server.go:53.9,55.4 1 1
defs.dev/schema/functions/websocket/server.go:57.3,57.48 1 1
defs.dev/schema/functions/websocket/server.go:57.48,59.4 1 0
defs.dev/schema/functions/websocket/server.go:63.2,63.26 1 1
defs.dev/schema/functions/websocket/server.go:67.65,68.21 1 1
defs.dev/schema/functions/websocket/server.go:68.21,70.3 1 0
defs.dev/schema/functions/websocket/server.go:73.2,74.37 2 1
defs.dev/schema/functions/websocket/server.go:74.37,77.3 2 1
defs.dev/schema/functions/websocket/server.go:78.2,84.12 5 1
defs.dev/schema/functions/websocket/server.go:88.49,90.35 2 1
defs.dev/schema/functions/websocket/server.go:90.35,91.26 1 1
defs.dev/schema/functions/websocket/server.go:91.26,93.4 1 1
defs.dev/schema/functions/websocket/server.go:94.3,94.37 1 0
defs.dev/schema/functions/websocket/server.go:96.2,96.97 1 0
defs.dev/schema/functions/websocket/server.go:100.50,101.21 1 1
defs.dev/schema/functions/websocket/server.go:101.21,103.3 1 0
defs.dev/schema/functions/websocket/server.go:106.2,108.16 3 1
defs.dev/schema/functions/websocket/server.go:108.16,110.3 1 0
defs.dev/schema/functions/websocket/server.go:111.2,112.13 2 1
defs.dev/schema/functions/websocket/server.go:116.83,119.16 2 1
defs.dev/schema/functions/websocket/server.go:119.16,122.3 2 0
defs.dev/schema/functions/websocket/server.go:125.2,128.42 2 1
defs.dev/schema/functions/websocket/server.go:128.42,129.62 1 1
defs.dev/schema/functions/websocket/server.go:129.62,132.4 2 0
defs.dev/schema/functions/websocket/server.go:136.2,136.31 1 1
defs.dev/schema/functions/websocket/server.go:140.119,161.46 7 1
defs.dev/schema/functions/websocket/server.go:161.46,165.3 3 0
defs.dev/schema/functions/websocket/server.go:167.2,167.46 1 1
defs.dev/schema/functions/websocket/server.go:167.46,171.3 3 0
defs.dev/schema/functions/websocket/server.go:174.2,178.15 4 1
defs.dev/schema/functions/websocket/server.go:182.71,187.31 3 1
defs.dev/schema/functions/websocket/server.go:187.31,191.13 3 1
defs.dev/schema/functions/websocket/server.go:191.13,192.8 1 1
defs.dev/schema/functions/websocket/server.go:192.8,193.12 1 1
defs.dev/schema/functions/websocket/server.go:194.25,195.45 1 0
defs.dev/schema/functions/websocket/server.go:195.45,197.7 1 0
defs.dev/schema/functions/websocket/server.go:198.32,199.12 1 1
defs.dev/schema/functions/websocket/server.go:206.2,206.6 1 1
defs.dev/schema/functions/websocket/server.go:206.6,207.10 1 1
defs.dev/schema/functions/websocket/server.go:208.30,209.10 1 1
defs.dev/schema/functions/websocket/server.go:210.11,213.18 2 1
defs.dev/schema/functions/websocket/server.go:213.18,214.104 1 1
defs.dev/schema/functions/websocket/server.go:214.104,216.6 1 0
defs.dev/schema/functions/websocket/server.go:217.5,217.11 1 1
defs.dev/schema/functions/websocket/server.go:221.4,225.44 3 1
defs.dev/schema/functions/websocket/server.go:225.44,226.13 1 0
defs.dev/schema/functions/websocket/server.go:230.4,231.53 2 1
defs.dev/schema/functions/websocket/server.go:231.53,233.13 2 0
defs.dev/schema/functions/websocket/server.go:237.4,237.35 1 1
defs.dev/schema/functions/websocket/server.go:243.83,247.42 2 1
defs.dev/schema/functions/websocket/server.go:247.42,248.62 1 1
defs.dev/schema/functions/websocket/server.go:248.62,251.4 2 0
defs.dev/schema/functions/websocket/server.go:255.2,255.18 1 1
defs.dev/schema/functions/websocket/server.go:256.23,258.34 2 1
defs.dev/schema/functions/websocket/server.go:259.27,261.30 2 1
defs.dev/schema/functions/websocket/server.go:262.24,264.27 2 1
defs.dev/schema/functions/websocket/server.go:265.27,267.38 2 0
defs.dev/schema/functions/websocket/server.go:268.23,270.26 2 1
defs.dev/schema/functions/websocket/server.go:271.23,273.26 2 1
defs.dev/schema/functions/websocket/server.go:274.10,276.86 2 0
defs.dev/schema/functions/websocket/server.go:281.87,287.13 4 1
defs.dev/schema/functions/websocket/server.go:287.13,294.3 2 0
defs.dev/schema/functions/websocket/server.go:297.2,298.33 2 1
defs.dev/schema/functions/websocket/server.go:298.33,302.3 3 1
defs.dev/schema/functions/websocket/server.go:304.2,305.16 2 1
defs.dev/schema/functions/websocket/server.go:305.16,307.53 1 1
defs.dev/schema/functions/websocket/server.go:307.53,309.4 1 1
defs.dev/schema/functions/websocket/server.go:309.9,311.4 1 0
defs.dev/schema/functions/websocket/server.go:312.3,312.9 1 1
defs.dev/schema/functions/websocket/server.go:316.2,325.31 2 1
defs.dev/schema/functions/websocket/server.go:329.83,336.12 5 1
defs.dev/schema/functions/websocket/server.go:336.12,338.10 2 1
defs.dev/schema/functions/websocket/server.go:339.18,340.76 1 1
defs.dev/schema/functions/websocket/server.go:341.34,342.67 1 0
defs.dev/schema/functions/websocket/server.go:344.8,346.3 1 0
defs.dev/schema/functions/websocket/server.go:350.80,355.12 4 1
defs.dev/schema/functions/websocket/server.go:355.12,356.10 1 1
defs.dev/schema/functions/websocket/server.go:357.18,357.18 0 1
defs.dev/schema/functions/websocket/server.go:358.34,358.34 0 0
defs.dev/schema/functions/websocket/server.go:365.91,372.2 1 0
defs.dev/schema/functions/websocket/server.go:375.79,387.16 4 1
defs.dev/schema/functions/websocket/server.go:387.16,389.3 1 0
defs.dev/schema/functions/websocket/server.go:389.8,391.3 1 1
defs.dev/schema/functions/websocket/server.go:395.79,401.12 4 1
defs.dev/schema/functions/websocket/server.go:401.12,402.10 1 1
defs.dev/schema/functions/websocket/server.go:403.18,403.18 0 1
defs.dev/schema/functions/websocket/server.go:404.34,404.34 0 0
defs.dev/schema/functions/websocket/server.go:411.86,413.16 2 1
defs.dev/schema/functions/websocket/server.go:413.16,415.3 1 0
defs.dev/schema/functions/websocket/server.go:417.2,418.60 2 1
defs.dev/schema/functions/websocket/server.go:422.93,425.52 2 1
defs.dev/schema/functions/websocket/server.go:425.52,431.3 1 1
defs.dev/schema/functions/websocket/server.go:431.8,431.57 1 0
defs.dev/schema/functions/websocket/server.go:431.57,437.3 1 0
defs.dev/schema/functions/websocket/server.go:437.8,443.3 1 0
defs.dev/schema/functions/websocket/server.go:445.2,454.31 2 1
defs.dev/schema/functions/websocket/server.go:458.69,461.2 2 0
defs.dev/schema/functions/websocket/server.go:464.85,466.42 1 1
defs.dev/schema/functions/websocket/server.go:466.42,468.3 1 1
defs.dev/schema/functions/websocket/server.go:471.2,481.69 6 1
defs.dev/schema/functions/websocket/server.go:485.57,487.2 1 1
defs.dev/schema/functions/websocket/server.go:490.53,493.2 1 1
defs.dev/schema/functions/websocket/server.go:496.145,511.2 5 1
defs.dev/schema/functions/websocket/server.go:514.77,519.41 1 1
defs.dev/schema/functions/websocket/server.go:519.41,521.3 1 1
defs.dev/schema/functions/websocket/server.go:521.8,521.49 1 0
defs.dev/schema/functions/websocket/server.go:521.49,523.3 1 0
defs.dev/schema/functions/websocket/server.go:526.2,527.20 2 1
defs.dev/schema/functions/websocket/server.go:527.20,529.3 1 0
defs.dev/schema/functions/websocket/server.go:531.2,535.41 3 1
defs.dev/schema/functions/websocket/server.go:535.41,537.3 1 1
defs.dev/schema/functions/websocket/server.go:540.2,541.24 2 1
defs.dev/schema/functions/websocket/server.go:541.24,543.3 1 1
defs.dev/schema/functions/websocket/server.go:545.2,545.18 1 0
defs.dev/schema/functions/websocket/server.go:549.53,551.31 2 1
defs.dev/schema/functions/websocket/server.go:551.31,553.3 1 0
defs.dev/schema/functions/websocket/server.go:554.2,554.89 1 1
defs.dev/schema/functions/websocket/server.go:558.61,563.37 4 1
defs.dev/schema/functions/websocket/server.go:563.37,577.3 4 1
defs.dev/schema/functions/websocket/server.go:579.2,579.20 1 1
defs.dev/schema/functions/websocket/types.go:49.29,57.49 1 1
defs.dev/schema/functions/websocket/types.go:57.49,57.64 1 0
defs.dev/schema/functions/websocket/types.go:158.121,160.2 1 1
defs.dev/schema/functions/websocket/types.go:163.67,165.2 1 0
defs.dev/schema/functions/websocket/types.go:168.52,170.2 1 0
defs.dev/schema/functions/websocket/types.go:180.123,185.2 1 0
defs.dev/schema/functions/websocket/types.go:188.69,190.2 1 0
defs.dev/schema/functions/websocket/types.go:193.54,195.2 1 0
defs.dev/schema/functions/websocket/types.go:209.42,210.11 1 1
defs.dev/schema/functions/websocket/types.go:211.33,212.22 1 0
defs.dev/schema/functions/websocket/types.go:213.32,214.21 1 1
defs.dev/schema/functions/websocket/types.go:215.30,216.19 1 0
defs.dev/schema/functions/websocket/types.go:217.29,218.18 1 0
defs.dev/schema/functions/websocket/types.go:219.28,220.17 1 0
defs.dev/schema/functions/websocket/types.go:221.10,222.19 1 0
