mode: set
defs.dev/schema/functions/http/client.go:27.92,30.16 2 1
defs.dev/schema/functions/http/client.go:30.16,32.3 1 0
defs.dev/schema/functions/http/client.go:35.2,35.41 1 1
defs.dev/schema/functions/http/client.go:35.41,37.3 1 0
defs.dev/schema/functions/http/client.go:40.2,40.49 1 1
defs.dev/schema/functions/http/client.go:40.49,41.56 1 1
defs.dev/schema/functions/http/client.go:41.56,46.4 1 0
defs.dev/schema/functions/http/client.go:50.2,51.16 2 1
defs.dev/schema/functions/http/client.go:51.16,53.3 1 1
defs.dev/schema/functions/http/client.go:54.2,57.49 2 1
defs.dev/schema/functions/http/client.go:57.49,59.3 1 1
defs.dev/schema/functions/http/client.go:62.2,62.53 1 1
defs.dev/schema/functions/http/client.go:62.53,65.3 2 1
defs.dev/schema/functions/http/client.go:68.2,68.30 1 1
defs.dev/schema/functions/http/client.go:72.62,74.2 1 0
defs.dev/schema/functions/http/client.go:77.47,79.2 1 1
defs.dev/schema/functions/http/client.go:82.110,85.19 2 1
defs.dev/schema/functions/http/client.go:85.19,87.17 2 1
defs.dev/schema/functions/http/client.go:87.17,89.4 1 0
defs.dev/schema/functions/http/client.go:90.3,90.35 1 1
defs.dev/schema/functions/http/client.go:94.2,98.16 3 1
defs.dev/schema/functions/http/client.go:98.16,100.3 1 0
defs.dev/schema/functions/http/client.go:103.2,107.37 3 1
defs.dev/schema/functions/http/client.go:107.37,109.3 1 1
defs.dev/schema/functions/http/client.go:112.2,112.23 1 1
defs.dev/schema/functions/http/client.go:112.23,113.46 1 1
defs.dev/schema/functions/http/client.go:113.46,115.4 1 0
defs.dev/schema/functions/http/client.go:118.3,118.32 1 1
defs.dev/schema/functions/http/client.go:118.32,120.45 2 0
defs.dev/schema/functions/http/client.go:120.45,122.5 1 0
defs.dev/schema/functions/http/client.go:123.4,123.33 1 0
defs.dev/schema/functions/http/client.go:127.2,127.17 1 1
defs.dev/schema/functions/http/client.go:131.48,132.51 1 1
defs.dev/schema/functions/http/client.go:132.51,137.3 3 1
defs.dev/schema/functions/http/client.go:140.2,140.18 1 0
defs.dev/schema/functions/http/client.go:144.49,145.50 1 1
defs.dev/schema/functions/http/client.go:145.50,147.3 1 1
defs.dev/schema/functions/http/client.go:148.2,148.24 1 0
defs.dev/schema/functions/http/client.go:152.65,153.49 1 1
defs.dev/schema/functions/http/client.go:153.49,155.3 1 1
defs.dev/schema/functions/http/client.go:157.2,159.19 2 0
defs.dev/schema/functions/http/client.go:160.16,161.23 1 0
defs.dev/schema/functions/http/client.go:161.23,163.4 1 0
defs.dev/schema/functions/http/client.go:164.15,165.41 1 0
defs.dev/schema/functions/http/client.go:165.41,167.4 1 0
defs.dev/schema/functions/http/client.go:168.17,169.23 1 0
defs.dev/schema/functions/http/client.go:169.23,171.20 2 0
defs.dev/schema/functions/http/client.go:171.20,173.5 1 0
defs.dev/schema/functions/http/client.go:174.4,174.38 1 0
defs.dev/schema/functions/http/client.go:176.10,180.5 1 0
defs.dev/schema/functions/http/client.go:183.2,183.12 1 0
defs.dev/schema/functions/http/client.go:187.96,189.21 2 1
defs.dev/schema/functions/http/client.go:189.21,191.3 1 1
defs.dev/schema/functions/http/client.go:193.2,195.52 2 1
defs.dev/schema/functions/http/client.go:195.52,198.17 2 1
defs.dev/schema/functions/http/client.go:198.17,200.4 1 0
defs.dev/schema/functions/http/client.go:203.3,204.18 2 1
defs.dev/schema/functions/http/client.go:204.18,208.4 3 1
defs.dev/schema/functions/http/client.go:211.3,214.17 2 1
defs.dev/schema/functions/http/client.go:214.17,216.4 1 1
defs.dev/schema/functions/http/client.go:218.3,221.31 2 1
defs.dev/schema/functions/http/client.go:221.31,222.9 1 0
defs.dev/schema/functions/http/client.go:226.3,226.29 1 1
defs.dev/schema/functions/http/client.go:226.29,228.23 2 0
defs.dev/schema/functions/http/client.go:228.23,230.5 1 0
defs.dev/schema/functions/http/client.go:231.4,231.26 1 0
defs.dev/schema/functions/http/client.go:236.2,239.4 1 1
defs.dev/schema/functions/http/client.go:243.85,246.21 2 1
defs.dev/schema/functions/http/client.go:246.21,248.17 2 1
defs.dev/schema/functions/http/client.go:248.17,250.4 1 0
defs.dev/schema/functions/http/client.go:251.3,255.36 3 1
defs.dev/schema/functions/http/client.go:259.2,260.16 2 1
defs.dev/schema/functions/http/client.go:260.16,262.3 1 0
defs.dev/schema/functions/http/client.go:265.2,265.38 1 1
defs.dev/schema/functions/http/client.go:265.38,266.32 1 1
defs.dev/schema/functions/http/client.go:266.32,268.4 1 1
defs.dev/schema/functions/http/client.go:271.2,271.19 1 1
defs.dev/schema/functions/http/client.go:275.64,277.49 1 1
defs.dev/schema/functions/http/client.go:277.49,279.3 1 0
defs.dev/schema/functions/http/client.go:282.2,282.40 1 1
defs.dev/schema/functions/http/client.go:282.40,284.3 1 1
defs.dev/schema/functions/http/client.go:287.2,287.10 1 0
defs.dev/schema/functions/http/client.go:291.63,293.40 1 1
defs.dev/schema/functions/http/client.go:293.40,294.23 1 1
defs.dev/schema/functions/http/client.go:294.23,296.4 1 1
defs.dev/schema/functions/http/client.go:298.3,298.14 1 0
defs.dev/schema/functions/http/client.go:301.2,301.14 1 0
defs.dev/schema/functions/http/client.go:305.89,306.43 1 1
defs.dev/schema/functions/http/client.go:306.43,308.3 1 1
defs.dev/schema/functions/http/client.go:308.8,308.30 1 0
defs.dev/schema/functions/http/client.go:308.30,310.3 1 0
defs.dev/schema/functions/http/client.go:312.2,312.84 1 0
defs.dev/schema/functions/http/client.go:316.78,318.16 2 1
defs.dev/schema/functions/http/client.go:318.16,320.3 1 0
defs.dev/schema/functions/http/client.go:322.2,322.20 1 1
defs.dev/schema/functions/http/client.go:322.20,324.3 1 0
defs.dev/schema/functions/http/client.go:326.2,327.54 2 1
defs.dev/schema/functions/http/client.go:327.54,329.3 1 0
defs.dev/schema/functions/http/client.go:331.2,331.20 1 1
defs.dev/schema/functions/http/client.go:335.123,343.2 1 1
defs.dev/schema/functions/http/errors.go:16.42,17.20 1 1
defs.dev/schema/functions/http/errors.go:17.20,19.3 1 1
defs.dev/schema/functions/http/errors.go:20.2,20.61 1 0
defs.dev/schema/functions/http/errors.go:23.42,25.2 1 0
defs.dev/schema/functions/http/errors.go:35.44,37.2 1 1
defs.dev/schema/functions/http/errors.go:42.84,49.2 1 1
defs.dev/schema/functions/http/errors.go:52.71,61.2 1 0
defs.dev/schema/functions/http/errors.go:64.83,71.2 1 0
defs.dev/schema/functions/http/errors.go:74.68,83.2 1 0
defs.dev/schema/functions/http/errors.go:86.76,95.2 1 0
defs.dev/schema/functions/http/errors.go:98.103,99.19 1 1
defs.dev/schema/functions/http/errors.go:99.19,101.3 1 0
defs.dev/schema/functions/http/errors.go:102.2,107.3 1 1
defs.dev/schema/functions/http/errors.go:111.89,113.2 1 1
defs.dev/schema/functions/http/errors.go:116.93,118.2 1 0
defs.dev/schema/functions/http/errors.go:121.39,122.25 1 0
defs.dev/schema/functions/http/errors.go:123.24,124.62 1 0
defs.dev/schema/functions/http/errors.go:125.26,127.29 1 0
defs.dev/schema/functions/http/errors.go:128.10,129.15 1 0
defs.dev/schema/functions/http/errors.go:134.36,135.49 1 0
defs.dev/schema/functions/http/errors.go:135.49,137.3 1 0
defs.dev/schema/functions/http/errors.go:138.2,138.14 1 0
defs.dev/schema/functions/http/errors.go:142.36,143.49 1 0
defs.dev/schema/functions/http/errors.go:143.49,145.3 1 0
defs.dev/schema/functions/http/errors.go:146.2,146.14 1 0
defs.dev/schema/functions/http/factory.go:9.46,12.21 2 1
defs.dev/schema/functions/http/factory.go:12.21,14.3 1 1
defs.dev/schema/functions/http/factory.go:14.8,16.3 1 1
defs.dev/schema/functions/http/factory.go:19.2,32.15 3 1
defs.dev/schema/functions/http/factory.go:36.49,40.45 2 0
defs.dev/schema/functions/http/factory.go:40.45,42.55 1 0
defs.dev/schema/functions/http/factory.go:45.2,45.15 1 0
defs.dev/schema/functions/http/factory.go:49.49,56.2 2 0
defs.dev/schema/functions/http/factory.go:59.29,69.2 1 1
defs.dev/schema/functions/http/factory.go:72.33,82.2 1 0
defs.dev/schema/functions/http/factory.go:85.53,95.2 1 0
defs.dev/schema/functions/http/factory.go:103.40,107.2 1 1
defs.dev/schema/functions/http/factory.go:110.58,113.2 2 1
defs.dev/schema/functions/http/factory.go:116.55,119.2 2 1
defs.dev/schema/functions/http/factory.go:122.71,125.2 2 1
defs.dev/schema/functions/http/factory.go:128.61,131.2 2 1
defs.dev/schema/functions/http/factory.go:134.72,137.2 2 0
defs.dev/schema/functions/http/factory.go:140.61,143.2 2 1
defs.dev/schema/functions/http/factory.go:146.62,149.2 2 1
defs.dev/schema/functions/http/factory.go:152.40,154.2 1 1
defs.dev/schema/functions/http/factory.go:159.34,161.2 1 0
defs.dev/schema/functions/http/factory.go:164.53,175.2 2 1
defs.dev/schema/functions/http/factory.go:178.32,180.2 1 1
defs.dev/schema/functions/http/factory.go:185.67,196.2 2 0
defs.dev/schema/functions/http/factory.go:199.37,210.2 2 0
defs.dev/schema/functions/http/middleware.go:19.48,21.52 1 1
defs.dev/schema/functions/http/middleware.go:21.52,23.4 1 1
defs.dev/schema/functions/http/middleware.go:27.69,30.2 2 1
defs.dev/schema/functions/http/middleware.go:32.72,34.52 2 1
defs.dev/schema/functions/http/middleware.go:34.52,36.3 1 1
defs.dev/schema/functions/http/middleware.go:37.2,38.12 2 1
defs.dev/schema/functions/http/middleware.go:49.70,54.2 1 1
defs.dev/schema/functions/http/middleware.go:57.89,59.21 2 0
defs.dev/schema/functions/http/middleware.go:59.21,61.3 1 0
defs.dev/schema/functions/http/middleware.go:62.2,66.3 1 0
defs.dev/schema/functions/http/middleware.go:69.76,70.16 1 1
defs.dev/schema/functions/http/middleware.go:71.16,72.54 1 1
defs.dev/schema/functions/http/middleware.go:73.17,74.37 1 0
defs.dev/schema/functions/http/middleware.go:75.10,76.57 1 0
defs.dev/schema/functions/http/middleware.go:78.2,78.12 1 1
defs.dev/schema/functions/http/middleware.go:81.79,84.2 1 1
defs.dev/schema/functions/http/middleware.go:95.42,102.2 1 0
defs.dev/schema/functions/http/middleware.go:104.66,107.2 1 0
defs.dev/schema/functions/http/middleware.go:109.69,110.31 1 0
defs.dev/schema/functions/http/middleware.go:110.31,112.3 1 0
defs.dev/schema/functions/http/middleware.go:113.2,113.31 1 0
defs.dev/schema/functions/http/middleware.go:113.31,115.3 1 0
defs.dev/schema/functions/http/middleware.go:116.2,116.31 1 0
defs.dev/schema/functions/http/middleware.go:116.31,118.3 1 0
defs.dev/schema/functions/http/middleware.go:119.2,119.26 1 0
defs.dev/schema/functions/http/middleware.go:119.26,121.3 1 0
defs.dev/schema/functions/http/middleware.go:122.2,122.12 1 0
defs.dev/schema/functions/http/middleware.go:135.48,139.2 1 1
defs.dev/schema/functions/http/middleware.go:141.69,146.2 3 1
defs.dev/schema/functions/http/middleware.go:148.72,152.76 2 1
defs.dev/schema/functions/http/middleware.go:152.76,159.3 4 1
defs.dev/schema/functions/http/middleware.go:161.2,161.12 1 1
defs.dev/schema/functions/http/middleware.go:165.65,172.2 1 1
defs.dev/schema/functions/http/middleware.go:180.71,184.2 1 0
defs.dev/schema/functions/http/middleware.go:186.68,187.36 1 0
defs.dev/schema/functions/http/middleware.go:187.36,189.3 1 0
defs.dev/schema/functions/http/middleware.go:190.2,190.12 1 0
defs.dev/schema/functions/http/middleware.go:193.71,196.2 1 0
defs.dev/schema/functions/http/middleware.go:205.79,210.2 1 0
defs.dev/schema/functions/http/middleware.go:212.67,216.2 1 0
defs.dev/schema/functions/http/middleware.go:218.70,221.2 1 0
defs.dev/schema/functions/http/middleware.go:230.54,232.2 1 0
defs.dev/schema/functions/http/middleware.go:234.72,235.30 1 0
defs.dev/schema/functions/http/middleware.go:235.30,237.3 1 0
defs.dev/schema/functions/http/middleware.go:238.2,238.12 1 0
defs.dev/schema/functions/http/middleware.go:241.75,242.31 1 0
defs.dev/schema/functions/http/middleware.go:242.31,244.3 1 0
defs.dev/schema/functions/http/middleware.go:245.2,245.12 1 0
defs.dev/schema/functions/http/middleware.go:251.60,253.46 1 0
defs.dev/schema/functions/http/middleware.go:253.46,254.43 1 0
defs.dev/schema/functions/http/middleware.go:254.43,255.58 1 0
defs.dev/schema/functions/http/middleware.go:255.58,257.6 1 0
defs.dev/schema/functions/http/middleware.go:259.4,259.14 1 0
defs.dev/schema/functions/http/middleware.go:261.49,263.47 1 0
defs.dev/schema/functions/http/middleware.go:263.47,264.64 1 0
defs.dev/schema/functions/http/middleware.go:264.64,266.6 1 0
defs.dev/schema/functions/http/middleware.go:268.4,268.14 1 0
defs.dev/schema/functions/http/middleware.go:274.98,276.46 1 0
defs.dev/schema/functions/http/middleware.go:276.46,277.22 1 0
defs.dev/schema/functions/http/middleware.go:277.22,279.5 1 0
defs.dev/schema/functions/http/middleware.go:280.4,280.14 1 0
defs.dev/schema/functions/http/middleware.go:282.49,283.31 1 0
defs.dev/schema/functions/http/middleware.go:283.31,285.5 1 0
defs.dev/schema/functions/http/middleware.go:286.4,286.14 1 0
defs.dev/schema/functions/http/portal.go:16.107,19.9 2 1
defs.dev/schema/functions/http/portal.go:19.9,21.3 1 0
defs.dev/schema/functions/http/portal.go:24.2,24.100 1 1
defs.dev/schema/functions/http/portal.go:24.100,29.3 1 0
defs.dev/schema/functions/http/portal.go:32.2,36.8 1 1
defs.dev/schema/functions/http/portal.go:40.77,43.16 2 1
defs.dev/schema/functions/http/portal.go:43.16,45.3 1 0
defs.dev/schema/functions/http/portal.go:48.2,49.31 2 1
defs.dev/schema/functions/http/portal.go:49.31,51.3 1 0
defs.dev/schema/functions/http/portal.go:53.2,54.16 2 1
defs.dev/schema/functions/http/portal.go:54.16,56.3 1 0
defs.dev/schema/functions/http/portal.go:58.2,59.15 2 1
defs.dev/schema/functions/http/portal.go:59.15,60.24 1 0
defs.dev/schema/functions/http/portal.go:60.24,62.4 1 0
defs.dev/schema/functions/http/portal.go:62.9,64.4 1 0
defs.dev/schema/functions/http/portal.go:67.2,68.20 2 1
defs.dev/schema/functions/http/portal.go:68.20,70.3 1 1
defs.dev/schema/functions/http/portal.go:73.2,78.21 3 1
defs.dev/schema/functions/http/portal.go:82.40,84.2 1 1
defs.dev/schema/functions/http/portal.go:87.93,90.16 2 1
defs.dev/schema/functions/http/portal.go:90.16,92.3 1 0
defs.dev/schema/functions/http/portal.go:95.2,95.44 1 1
defs.dev/schema/functions/http/portal.go:95.44,97.3 1 0
defs.dev/schema/functions/http/portal.go:101.2,104.58 2 1
defs.dev/schema/functions/http/portal.go:104.58,106.3 1 1
defs.dev/schema/functions/http/portal.go:108.2,112.9 1 1
defs.dev/schema/functions/http/portal.go:118.60,119.31 1 1
defs.dev/schema/functions/http/portal.go:119.31,120.18 1 1
defs.dev/schema/functions/http/portal.go:120.18,122.4 1 1
defs.dev/schema/functions/http/portal.go:124.2,124.14 1 0
defs.dev/schema/functions/http/portal.go:128.59,130.2 1 1
defs.dev/schema/functions/http/portal.go:133.80,136.32 2 0
defs.dev/schema/functions/http/portal.go:136.32,138.3 1 0
defs.dev/schema/functions/http/portal.go:139.2,139.15 1 0
defs.dev/schema/functions/http/portal.go:150.94,152.2 1 0
defs.dev/schema/functions/http/portal.go:155.64,157.2 1 0
defs.dev/schema/functions/http/portal.go:160.49,162.2 1 1
defs.dev/schema/functions/http/portal.go:167.41,169.44 2 1
defs.dev/schema/functions/http/portal.go:169.44,171.3 1 0
defs.dev/schema/functions/http/portal.go:174.2,174.38 1 1
defs.dev/schema/functions/http/portal.go:178.90,180.16 2 0
defs.dev/schema/functions/http/portal.go:180.16,182.3 1 0
defs.dev/schema/functions/http/portal.go:184.2,190.16 5 0
defs.dev/schema/functions/http/portal.go:190.16,191.24 1 0
defs.dev/schema/functions/http/portal.go:191.24,193.4 1 0
defs.dev/schema/functions/http/portal.go:193.9,195.4 1 0
defs.dev/schema/functions/http/portal.go:198.2,198.38 1 0
defs.dev/schema/functions/http/portal.go:202.44,204.16 2 0
defs.dev/schema/functions/http/portal.go:204.16,206.3 1 0
defs.dev/schema/functions/http/portal.go:208.2,208.63 1 0
defs.dev/schema/functions/http/portal.go:208.63,210.3 1 0
defs.dev/schema/functions/http/portal.go:212.2,212.26 1 0
defs.dev/schema/functions/http/portal.go:212.26,214.3 1 0
defs.dev/schema/functions/http/portal.go:216.2,216.12 1 0
defs.dev/schema/functions/http/reflection.go:13.78,18.125 2 0
defs.dev/schema/functions/http/reflection.go:18.125,20.3 1 0
defs.dev/schema/functions/http/reflection.go:23.2,24.16 2 0
defs.dev/schema/functions/http/reflection.go:24.16,26.3 1 0
defs.dev/schema/functions/http/reflection.go:29.2,29.54 1 0
defs.dev/schema/functions/http/reflection.go:33.80,42.34 4 0
defs.dev/schema/functions/http/reflection.go:42.34,44.53 1 0
defs.dev/schema/functions/http/reflection.go:44.53,45.97 1 0
defs.dev/schema/functions/http/reflection.go:45.97,47.19 2 0
defs.dev/schema/functions/http/reflection.go:47.19,49.6 1 0
defs.dev/schema/functions/http/reflection.go:50.5,50.39 1 0
defs.dev/schema/functions/http/reflection.go:55.3,56.17 2 0
defs.dev/schema/functions/http/reflection.go:56.17,58.4 1 0
defs.dev/schema/functions/http/reflection.go:61.3,62.17 2 0
defs.dev/schema/functions/http/reflection.go:62.17,64.4 1 0
defs.dev/schema/functions/http/reflection.go:66.3,66.35 1 0
defs.dev/schema/functions/http/reflection.go:69.2,69.23 1 0
defs.dev/schema/functions/http/reflection.go:73.95,76.34 2 0
defs.dev/schema/functions/http/reflection.go:76.34,78.17 2 0
defs.dev/schema/functions/http/reflection.go:78.17,80.4 1 0
defs.dev/schema/functions/http/reflection.go:81.3,81.27 1 0
defs.dev/schema/functions/http/reflection.go:84.2,84.21 1 0
defs.dev/schema/functions/http/reflection.go:88.120,90.125 1 0
defs.dev/schema/functions/http/reflection.go:90.125,92.3 1 0
defs.dev/schema/functions/http/reflection.go:95.2,96.16 2 0
defs.dev/schema/functions/http/reflection.go:96.16,98.3 1 0
defs.dev/schema/functions/http/reflection.go:101.2,101.54 1 0
defs.dev/schema/functions/http/reflection.go:105.123,111.34 3 0
defs.dev/schema/functions/http/reflection.go:111.34,113.53 1 0
defs.dev/schema/functions/http/reflection.go:113.53,114.97 1 0
defs.dev/schema/functions/http/reflection.go:114.97,116.19 2 0
defs.dev/schema/functions/http/reflection.go:116.19,118.6 1 0
defs.dev/schema/functions/http/reflection.go:119.5,119.39 1 0
defs.dev/schema/functions/http/reflection.go:124.3,125.17 2 0
defs.dev/schema/functions/http/reflection.go:125.17,127.4 1 0
defs.dev/schema/functions/http/reflection.go:130.3,131.17 2 0
defs.dev/schema/functions/http/reflection.go:131.17,133.4 1 0
defs.dev/schema/functions/http/reflection.go:135.3,135.35 1 0
defs.dev/schema/functions/http/reflection.go:138.2,138.23 1 0
defs.dev/schema/functions/http/reflection.go:142.107,144.125 1 0
defs.dev/schema/functions/http/reflection.go:144.125,146.3 1 0
defs.dev/schema/functions/http/reflection.go:149.2,150.16 2 0
defs.dev/schema/functions/http/reflection.go:150.16,152.3 1 0
defs.dev/schema/functions/http/reflection.go:155.2,155.53 1 0
defs.dev/schema/functions/http/server.go:16.42,17.21 1 1
defs.dev/schema/functions/http/server.go:17.21,19.3 1 0
defs.dev/schema/functions/http/server.go:21.2,25.16 3 1
defs.dev/schema/functions/http/server.go:25.16,27.3 1 0
defs.dev/schema/functions/http/server.go:30.2,30.24 1 1
defs.dev/schema/functions/http/server.go:30.24,31.53 1 1
defs.dev/schema/functions/http/server.go:31.53,33.4 1 1
defs.dev/schema/functions/http/server.go:36.2,42.12 2 1
defs.dev/schema/functions/http/server.go:42.12,44.32 2 1
defs.dev/schema/functions/http/server.go:44.32,46.4 1 0
defs.dev/schema/functions/http/server.go:46.9,48.4 1 1
defs.dev/schema/functions/http/server.go:50.3,50.48 1 1
defs.dev/schema/functions/http/server.go:50.48,53.4 1 0
defs.dev/schema/functions/http/server.go:56.2,56.12 1 1
defs.dev/schema/functions/http/server.go:60.60,61.21 1 1
defs.dev/schema/functions/http/server.go:61.21,63.3 1 0
defs.dev/schema/functions/http/server.go:65.2,67.12 3 1
defs.dev/schema/functions/http/server.go:71.140,92.2 6 1
defs.dev/schema/functions/http/server.go:95.128,96.54 1 1
defs.dev/schema/functions/http/server.go:96.54,98.34 1 1
defs.dev/schema/functions/http/server.go:98.34,101.4 2 0
defs.dev/schema/functions/http/server.go:104.3,108.17 3 1
defs.dev/schema/functions/http/server.go:108.17,111.4 2 0
defs.dev/schema/functions/http/server.go:112.3,116.20 3 1
defs.dev/schema/functions/http/server.go:116.20,117.56 1 1
defs.dev/schema/functions/http/server.go:117.56,120.5 2 0
defs.dev/schema/functions/http/server.go:127.3,130.17 4 1
defs.dev/schema/functions/http/server.go:130.17,132.51 1 1
defs.dev/schema/functions/http/server.go:132.51,134.5 1 1
defs.dev/schema/functions/http/server.go:134.10,136.5 1 0
defs.dev/schema/functions/http/server.go:137.4,137.10 1 1
defs.dev/schema/functions/http/server.go:141.3,143.17 3 1
defs.dev/schema/functions/http/server.go:143.17,146.4 2 0
defs.dev/schema/functions/http/server.go:149.3,150.20 2 1
defs.dev/schema/functions/http/server.go:155.81,156.54 1 1
defs.dev/schema/functions/http/server.go:156.54,158.43 1 1
defs.dev/schema/functions/http/server.go:158.43,159.55 1 1
defs.dev/schema/functions/http/server.go:159.55,162.5 2 0
defs.dev/schema/functions/http/server.go:166.3,178.43 4 1
defs.dev/schema/functions/http/server.go:178.43,180.4 1 1
defs.dev/schema/functions/http/server.go:190.50,193.2 2 1
defs.dev/schema/functions/http/server.go:196.107,204.16 3 1
defs.dev/schema/functions/http/server.go:204.16,206.3 1 1
defs.dev/schema/functions/http/server.go:208.2,209.19 2 1
defs.dev/schema/functions/http/server.go:213.68,218.43 1 1
defs.dev/schema/functions/http/server.go:218.43,220.3 1 1
defs.dev/schema/functions/http/server.go:220.8,220.51 1 0
defs.dev/schema/functions/http/server.go:220.51,222.3 1 0
defs.dev/schema/functions/http/server.go:225.2,226.20 2 1
defs.dev/schema/functions/http/server.go:226.20,228.3 1 0
defs.dev/schema/functions/http/server.go:230.2,233.76 2 1
defs.dev/schema/functions/http/server.go:233.76,235.3 1 0
defs.dev/schema/functions/http/server.go:237.2,237.13 1 1
defs.dev/schema/functions/http/server.go:241.48,243.31 2 0
defs.dev/schema/functions/http/server.go:243.31,245.3 1 0
defs.dev/schema/functions/http/server.go:246.2,246.72 1 0
defs.dev/schema/functions/http/server.go:250.45,251.21 1 0
defs.dev/schema/functions/http/server.go:251.21,253.3 1 0
defs.dev/schema/functions/http/server.go:256.2,258.16 3 0
defs.dev/schema/functions/http/server.go:258.16,260.3 1 0
defs.dev/schema/functions/http/server.go:261.2,262.13 2 0
defs.dev/schema/functions/http/types.go:85.65,86.26 1 0
defs.dev/schema/functions/http/types.go:86.26,88.3 1 0
defs.dev/schema/functions/http/types.go:89.2,89.12 1 0
defs.dev/schema/functions/http/types.go:92.68,93.27 1 0
defs.dev/schema/functions/http/types.go:93.27,95.3 1 0
defs.dev/schema/functions/http/types.go:96.2,96.12 1 0
