mode: set
defs.dev/schema/functions/websocket/client.go:15.137,22.2 1 1
defs.dev/schema/functions/websocket/client.go:25.137,28.16 2 1
defs.dev/schema/functions/websocket/client.go:28.16,30.3 1 0
defs.dev/schema/functions/websocket/client.go:33.2,34.16 2 1
defs.dev/schema/functions/websocket/client.go:34.16,36.3 1 0
defs.dev/schema/functions/websocket/client.go:39.2,64.15 8 1
defs.dev/schema/functions/websocket/client.go:64.15,69.3 4 1
defs.dev/schema/functions/websocket/client.go:72.2,72.49 1 1
defs.dev/schema/functions/websocket/client.go:72.49,74.3 1 0
defs.dev/schema/functions/websocket/client.go:77.2,78.18 2 1
defs.dev/schema/functions/websocket/client.go:78.18,80.3 1 0
defs.dev/schema/functions/websocket/client.go:82.2,82.9 1 1
defs.dev/schema/functions/websocket/client.go:83.28,84.40 1 1
defs.dev/schema/functions/websocket/client.go:84.40,92.4 1 1
defs.dev/schema/functions/websocket/client.go:93.3,93.46 1 1
defs.dev/schema/functions/websocket/client.go:95.20,96.84 1 1
defs.dev/schema/functions/websocket/client.go:98.29,99.72 1 0
defs.dev/schema/functions/websocket/client.go:104.99,118.52 4 1
defs.dev/schema/functions/websocket/client.go:118.52,121.3 2 1
defs.dev/schema/functions/websocket/client.go:122.2,125.42 2 1
defs.dev/schema/functions/websocket/client.go:129.100,143.32 3 1
defs.dev/schema/functions/websocket/client.go:143.33,146.3 0 1
defs.dev/schema/functions/websocket/client.go:149.2,150.16 2 1
defs.dev/schema/functions/websocket/client.go:150.16,152.3 1 0
defs.dev/schema/functions/websocket/client.go:155.2,167.42 8 1
defs.dev/schema/functions/websocket/client.go:167.42,168.62 1 1
defs.dev/schema/functions/websocket/client.go:168.62,172.4 3 0
defs.dev/schema/functions/websocket/client.go:176.2,178.20 2 1
defs.dev/schema/functions/websocket/client.go:182.54,184.2 1 1
defs.dev/schema/functions/websocket/client.go:187.80,189.16 2 1
defs.dev/schema/functions/websocket/client.go:189.16,191.3 1 0
defs.dev/schema/functions/websocket/client.go:193.2,194.12 2 1
defs.dev/schema/functions/websocket/client.go:198.64,200.16 2 1
defs.dev/schema/functions/websocket/client.go:200.16,202.3 1 0
defs.dev/schema/functions/websocket/client.go:204.2,208.12 4 1
defs.dev/schema/functions/websocket/client.go:208.12,210.3 1 1
defs.dev/schema/functions/websocket/client.go:211.2,213.12 2 1
defs.dev/schema/functions/websocket/client.go:213.12,216.3 2 1
defs.dev/schema/functions/websocket/client.go:218.2,218.12 1 1
defs.dev/schema/functions/websocket/client.go:222.60,224.16 2 1
defs.dev/schema/functions/websocket/client.go:224.16,226.3 1 0
defs.dev/schema/functions/websocket/client.go:228.2,234.15 5 1
defs.dev/schema/functions/websocket/client.go:238.75,240.16 2 0
defs.dev/schema/functions/websocket/client.go:240.16,242.3 1 0
defs.dev/schema/functions/websocket/client.go:244.2,245.16 2 0
defs.dev/schema/functions/websocket/client.go:245.16,247.3 1 0
defs.dev/schema/functions/websocket/client.go:249.2,249.33 1 0
defs.dev/schema/functions/websocket/client.go:253.104,256.2 0 0
defs.dev/schema/functions/websocket/client.go:259.83,261.16 2 1
defs.dev/schema/functions/websocket/client.go:261.16,263.3 1 0
defs.dev/schema/functions/websocket/client.go:265.2,266.16 2 1
defs.dev/schema/functions/websocket/client.go:266.16,268.3 1 0
defs.dev/schema/functions/websocket/client.go:271.2,291.15 7 1
defs.dev/schema/functions/websocket/client.go:291.15,296.3 4 1
defs.dev/schema/functions/websocket/client.go:299.2,299.49 1 1
defs.dev/schema/functions/websocket/client.go:299.49,301.3 1 0
defs.dev/schema/functions/websocket/client.go:304.2,304.9 1 1
defs.dev/schema/functions/websocket/client.go:305.28,306.39 1 1
defs.dev/schema/functions/websocket/client.go:306.39,308.4 1 0
defs.dev/schema/functions/websocket/client.go:309.3,309.13 1 1
defs.dev/schema/functions/websocket/client.go:311.20,312.54 1 0
defs.dev/schema/functions/websocket/client.go:317.87,319.16 2 1
defs.dev/schema/functions/websocket/client.go:319.16,321.3 1 0
defs.dev/schema/functions/websocket/client.go:323.2,329.13 5 1
defs.dev/schema/functions/websocket/client.go:329.13,331.3 1 0
defs.dev/schema/functions/websocket/client.go:333.2,345.8 4 1
defs.dev/schema/functions/websocket/client.go:349.55,352.37 3 0
defs.dev/schema/functions/websocket/client.go:352.37,354.3 1 0
defs.dev/schema/functions/websocket/client.go:355.2,359.35 3 0
defs.dev/schema/functions/websocket/client.go:359.35,362.3 2 0
defs.dev/schema/functions/websocket/client.go:364.2,364.12 1 0
defs.dev/schema/functions/websocket/client.go:368.84,371.2 2 0
defs.dev/schema/functions/websocket/client.go:374.138,377.62 2 0
defs.dev/schema/functions/websocket/client.go:377.62,378.18 1 0
defs.dev/schema/functions/websocket/client.go:378.18,380.11 1 0
defs.dev/schema/functions/websocket/client.go:381.22,382.42 1 0
defs.dev/schema/functions/websocket/client.go:383.43,383.43 0 0
defs.dev/schema/functions/websocket/client.go:387.3,388.17 2 0
defs.dev/schema/functions/websocket/client.go:388.17,390.4 1 0
defs.dev/schema/functions/websocket/client.go:392.3,395.53 2 0
defs.dev/schema/functions/websocket/client.go:395.53,397.45 1 0
defs.dev/schema/functions/websocket/client.go:397.45,398.10 1 0
defs.dev/schema/functions/websocket/client.go:402.3,402.51 1 0
defs.dev/schema/functions/websocket/client.go:402.51,404.72 1 0
defs.dev/schema/functions/websocket/client.go:404.72,405.10 1 0
defs.dev/schema/functions/websocket/client.go:410.2,410.37 1 0
defs.dev/schema/functions/websocket/errors.go:17.47,18.21 1 1
defs.dev/schema/functions/websocket/errors.go:18.21,20.3 1 1
defs.dev/schema/functions/websocket/errors.go:21.2,21.66 1 0
defs.dev/schema/functions/websocket/errors.go:35.49,37.22 2 1
defs.dev/schema/functions/websocket/errors.go:37.22,39.3 1 1
defs.dev/schema/functions/websocket/errors.go:41.2,41.21 1 1
defs.dev/schema/functions/websocket/errors.go:41.21,43.3 1 1
defs.dev/schema/functions/websocket/errors.go:44.2,44.92 1 0
defs.dev/schema/functions/websocket/errors.go:48.74,58.2 1 0
defs.dev/schema/functions/websocket/errors.go:61.73,71.2 1 0
defs.dev/schema/functions/websocket/errors.go:74.70,81.2 1 0
defs.dev/schema/functions/websocket/errors.go:84.83,95.2 1 1
defs.dev/schema/functions/websocket/errors.go:98.86,106.2 1 0
defs.dev/schema/functions/websocket/errors.go:109.71,119.2 1 0
defs.dev/schema/functions/websocket/errors.go:122.73,132.2 1 0
defs.dev/schema/functions/websocket/errors.go:135.80,143.2 1 0
defs.dev/schema/functions/websocket/errors.go:146.95,148.9 2 0
defs.dev/schema/functions/websocket/errors.go:149.33,150.29 1 0
defs.dev/schema/functions/websocket/errors.go:151.19,152.29 1 0
defs.dev/schema/functions/websocket/errors.go:153.10,154.30 1 0
defs.dev/schema/functions/websocket/errors.go:157.2,162.3 1 0
defs.dev/schema/functions/websocket/errors.go:166.73,173.2 1 0
defs.dev/schema/functions/websocket/errors.go:176.79,187.2 1 0
defs.dev/schema/functions/websocket/errors.go:190.77,200.2 1 0
defs.dev/schema/functions/websocket/errors.go:203.68,213.2 1 0
defs.dev/schema/functions/websocket/factory.go:11.52,13.22 2 1
defs.dev/schema/functions/websocket/factory.go:13.22,15.3 1 1
defs.dev/schema/functions/websocket/factory.go:15.8,17.3 1 0
defs.dev/schema/functions/websocket/factory.go:20.2,28.15 2 1
defs.dev/schema/functions/websocket/factory.go:37.40,41.2 1 1
defs.dev/schema/functions/websocket/factory.go:44.58,47.2 2 1
defs.dev/schema/functions/websocket/factory.go:50.55,53.2 2 1
defs.dev/schema/functions/websocket/factory.go:56.58,59.2 2 1
defs.dev/schema/functions/websocket/factory.go:62.67,65.2 2 0
defs.dev/schema/functions/websocket/factory.go:68.77,72.2 3 1
defs.dev/schema/functions/websocket/factory.go:75.80,78.2 2 1
defs.dev/schema/functions/websocket/factory.go:81.92,84.2 2 1
defs.dev/schema/functions/websocket/factory.go:87.71,90.2 2 1
defs.dev/schema/functions/websocket/factory.go:93.106,98.2 4 1
defs.dev/schema/functions/websocket/factory.go:101.88,105.2 3 1
defs.dev/schema/functions/websocket/factory.go:108.86,112.2 3 1
defs.dev/schema/functions/websocket/factory.go:115.67,118.2 2 1
defs.dev/schema/functions/websocket/factory.go:121.40,123.2 1 1
defs.dev/schema/functions/websocket/factory.go:128.49,139.42 1 1
defs.dev/schema/functions/websocket/factory.go:139.42,139.57 1 1
defs.dev/schema/functions/websocket/factory.go:144.28,153.2 1 1
defs.dev/schema/functions/websocket/factory.go:156.78,160.2 3 0
defs.dev/schema/functions/websocket/factory.go:163.33,174.42 1 0
defs.dev/schema/functions/websocket/factory.go:174.42,174.57 1 0
defs.dev/schema/functions/websocket/factory.go:179.53,191.42 1 0
defs.dev/schema/functions/websocket/factory.go:191.42,199.43 3 0
defs.dev/schema/functions/websocket/factory.go:199.43,200.26 1 0
defs.dev/schema/functions/websocket/factory.go:200.26,202.6 1 0
defs.dev/schema/functions/websocket/factory.go:204.4,204.16 1 0
defs.dev/schema/functions/websocket/factory.go:210.58,222.42 1 0
defs.dev/schema/functions/websocket/factory.go:222.42,222.57 1 0
defs.dev/schema/functions/websocket/factory.go:229.56,232.2 2 1
defs.dev/schema/functions/websocket/factory.go:235.35,238.2 2 1
defs.dev/schema/functions/websocket/factory.go:241.85,244.2 2 0
defs.dev/schema/functions/websocket/factory.go:247.46,250.2 2 0
defs.dev/schema/functions/websocket/factory.go:253.66,256.2 2 0
defs.dev/schema/functions/websocket/factory.go:259.71,262.2 2 0
defs.dev/schema/functions/websocket/factory.go:265.61,267.2 1 0
defs.dev/schema/functions/websocket/factory.go:270.60,272.2 1 0
defs.dev/schema/functions/websocket/factory.go:275.45,276.23 1 0
defs.dev/schema/functions/websocket/factory.go:276.23,278.3 1 0
defs.dev/schema/functions/websocket/factory.go:280.2,281.36 2 0
defs.dev/schema/functions/websocket/factory.go:281.36,285.24 2 0
defs.dev/schema/functions/websocket/factory.go:285.24,287.4 1 0
defs.dev/schema/functions/websocket/factory.go:288.3,288.23 1 0
defs.dev/schema/functions/websocket/factory.go:288.23,290.4 1 0
defs.dev/schema/functions/websocket/factory.go:291.3,291.24 1 0
defs.dev/schema/functions/websocket/factory.go:291.24,293.4 1 0
defs.dev/schema/functions/websocket/factory.go:294.3,294.30 1 0
defs.dev/schema/functions/websocket/factory.go:294.30,296.4 1 0
defs.dev/schema/functions/websocket/factory.go:297.3,297.33 1 0
defs.dev/schema/functions/websocket/factory.go:297.33,299.4 1 0
defs.dev/schema/functions/websocket/factory.go:300.3,300.34 1 0
defs.dev/schema/functions/websocket/factory.go:300.34,302.4 1 0
defs.dev/schema/functions/websocket/factory.go:303.3,303.35 1 0
defs.dev/schema/functions/websocket/factory.go:303.35,305.4 1 0
defs.dev/schema/functions/websocket/factory.go:306.3,306.32 1 0
defs.dev/schema/functions/websocket/factory.go:306.32,308.4 1 0
defs.dev/schema/functions/websocket/factory.go:309.3,309.33 1 0
defs.dev/schema/functions/websocket/factory.go:309.33,311.4 1 0
defs.dev/schema/functions/websocket/factory.go:312.3,312.29 1 0
defs.dev/schema/functions/websocket/factory.go:312.29,314.4 1 0
defs.dev/schema/functions/websocket/factory.go:315.3,315.29 1 0
defs.dev/schema/functions/websocket/factory.go:315.29,317.4 1 0
defs.dev/schema/functions/websocket/factory.go:318.3,318.31 1 0
defs.dev/schema/functions/websocket/factory.go:318.31,320.4 1 0
defs.dev/schema/functions/websocket/factory.go:321.3,321.30 1 0
defs.dev/schema/functions/websocket/factory.go:321.30,323.4 1 0
defs.dev/schema/functions/websocket/factory.go:324.3,324.33 1 0
defs.dev/schema/functions/websocket/factory.go:324.33,326.4 1 0
defs.dev/schema/functions/websocket/factory.go:327.3,327.31 1 0
defs.dev/schema/functions/websocket/factory.go:327.31,329.4 1 0
defs.dev/schema/functions/websocket/factory.go:330.3,330.30 1 0
defs.dev/schema/functions/websocket/factory.go:330.30,332.4 1 0
defs.dev/schema/functions/websocket/factory.go:335.3,335.54 1 0
defs.dev/schema/functions/websocket/factory.go:338.2,338.15 1 0
defs.dev/schema/functions/websocket/middleware.go:16.48,20.2 1 1
defs.dev/schema/functions/websocket/middleware.go:23.101,27.2 1 0
defs.dev/schema/functions/websocket/middleware.go:29.91,31.19 2 1
defs.dev/schema/functions/websocket/middleware.go:31.19,33.3 1 0
defs.dev/schema/functions/websocket/middleware.go:35.2,37.12 2 1
defs.dev/schema/functions/websocket/middleware.go:40.80,42.19 2 1
defs.dev/schema/functions/websocket/middleware.go:42.19,44.3 1 0
defs.dev/schema/functions/websocket/middleware.go:46.2,48.12 2 1
defs.dev/schema/functions/websocket/middleware.go:51.83,53.19 2 1
defs.dev/schema/functions/websocket/middleware.go:53.19,55.3 1 0
defs.dev/schema/functions/websocket/middleware.go:57.2,60.12 3 1
defs.dev/schema/functions/websocket/middleware.go:72.70,77.2 1 1
defs.dev/schema/functions/websocket/middleware.go:80.89,82.21 2 0
defs.dev/schema/functions/websocket/middleware.go:82.21,84.3 1 0
defs.dev/schema/functions/websocket/middleware.go:85.2,89.3 1 0
defs.dev/schema/functions/websocket/middleware.go:93.92,98.2 1 0
defs.dev/schema/functions/websocket/middleware.go:100.98,101.16 1 1
defs.dev/schema/functions/websocket/middleware.go:102.16,104.34 1 1
defs.dev/schema/functions/websocket/middleware.go:104.34,105.69 1 0
defs.dev/schema/functions/websocket/middleware.go:105.69,107.25 2 0
defs.dev/schema/functions/websocket/middleware.go:107.25,109.6 1 0
defs.dev/schema/functions/websocket/middleware.go:110.10,112.5 1 0
defs.dev/schema/functions/websocket/middleware.go:114.17,116.34 1 0
defs.dev/schema/functions/websocket/middleware.go:116.34,117.61 1 0
defs.dev/schema/functions/websocket/middleware.go:117.61,118.24 1 0
defs.dev/schema/functions/websocket/middleware.go:118.24,120.6 1 0
defs.dev/schema/functions/websocket/middleware.go:121.10,123.5 1 0
defs.dev/schema/functions/websocket/middleware.go:125.16,127.25 1 0
defs.dev/schema/functions/websocket/middleware.go:127.25,129.4 1 0
defs.dev/schema/functions/websocket/middleware.go:131.2,131.12 1 1
defs.dev/schema/functions/websocket/middleware.go:134.87,137.2 1 1
defs.dev/schema/functions/websocket/middleware.go:139.90,142.2 1 1
defs.dev/schema/functions/websocket/middleware.go:156.48,160.2 1 1
defs.dev/schema/functions/websocket/middleware.go:162.91,166.33 2 1
defs.dev/schema/functions/websocket/middleware.go:166.33,168.3 1 1
defs.dev/schema/functions/websocket/middleware.go:168.8,168.76 1 1
defs.dev/schema/functions/websocket/middleware.go:168.76,169.58 1 1
defs.dev/schema/functions/websocket/middleware.go:169.58,173.4 3 1
defs.dev/schema/functions/websocket/middleware.go:177.2,177.34 1 1
defs.dev/schema/functions/websocket/middleware.go:177.34,179.3 1 0
defs.dev/schema/functions/websocket/middleware.go:181.2,181.12 1 1
defs.dev/schema/functions/websocket/middleware.go:184.80,188.2 3 1
defs.dev/schema/functions/websocket/middleware.go:190.83,194.2 3 1
defs.dev/schema/functions/websocket/middleware.go:197.65,202.22 4 1
defs.dev/schema/functions/websocket/middleware.go:202.22,204.3 1 1
defs.dev/schema/functions/websocket/middleware.go:206.2,214.3 1 1
defs.dev/schema/functions/websocket/middleware.go:225.54,236.2 1 0
defs.dev/schema/functions/websocket/middleware.go:238.94,240.29 1 0
defs.dev/schema/functions/websocket/middleware.go:240.29,242.46 2 0
defs.dev/schema/functions/websocket/middleware.go:242.46,243.31 1 0
defs.dev/schema/functions/websocket/middleware.go:243.31,245.10 2 0
defs.dev/schema/functions/websocket/middleware.go:248.3,248.19 1 0
defs.dev/schema/functions/websocket/middleware.go:248.19,250.4 1 0
defs.dev/schema/functions/websocket/middleware.go:254.2,254.18 1 0
defs.dev/schema/functions/websocket/middleware.go:254.18,256.3 1 0
defs.dev/schema/functions/websocket/middleware.go:259.2,259.30 1 0
defs.dev/schema/functions/websocket/middleware.go:259.30,261.3 1 0
defs.dev/schema/functions/websocket/middleware.go:263.2,263.12 1 0
defs.dev/schema/functions/websocket/middleware.go:266.83,269.2 1 0
defs.dev/schema/functions/websocket/middleware.go:271.86,274.2 1 0
defs.dev/schema/functions/websocket/middleware.go:289.76,294.2 1 0
defs.dev/schema/functions/websocket/middleware.go:296.93,299.13 2 0
defs.dev/schema/functions/websocket/middleware.go:299.13,306.3 2 0
defs.dev/schema/functions/websocket/middleware.go:309.2,316.24 6 0
defs.dev/schema/functions/websocket/middleware.go:316.24,318.3 1 0
defs.dev/schema/functions/websocket/middleware.go:321.2,323.12 2 0
defs.dev/schema/functions/websocket/middleware.go:326.82,334.2 2 0
defs.dev/schema/functions/websocket/middleware.go:336.85,340.2 2 0
defs.dev/schema/functions/websocket/middleware.go:343.24,344.11 1 0
defs.dev/schema/functions/websocket/middleware.go:344.11,346.3 1 0
defs.dev/schema/functions/websocket/middleware.go:347.2,347.10 1 0
defs.dev/schema/functions/websocket/middleware.go:357.79,362.2 1 0
defs.dev/schema/functions/websocket/middleware.go:364.95,368.2 1 0
defs.dev/schema/functions/websocket/middleware.go:370.84,373.2 1 0
defs.dev/schema/functions/websocket/middleware.go:375.87,378.2 1 0
defs.dev/schema/functions/websocket/middleware.go:390.105,396.2 1 0
defs.dev/schema/functions/websocket/middleware.go:398.98,400.30 1 0
defs.dev/schema/functions/websocket/middleware.go:400.30,402.53 1 0
defs.dev/schema/functions/websocket/middleware.go:402.53,405.4 2 0
defs.dev/schema/functions/websocket/middleware.go:405.9,407.4 1 0
defs.dev/schema/functions/websocket/middleware.go:411.2,411.34 1 0
defs.dev/schema/functions/websocket/middleware.go:411.34,415.38 3 0
defs.dev/schema/functions/websocket/middleware.go:415.38,417.4 1 0
defs.dev/schema/functions/websocket/middleware.go:418.8,418.44 1 0
defs.dev/schema/functions/websocket/middleware.go:418.44,420.36 1 0
defs.dev/schema/functions/websocket/middleware.go:420.36,423.4 2 0
defs.dev/schema/functions/websocket/middleware.go:426.2,426.12 1 0
defs.dev/schema/functions/websocket/middleware.go:429.87,432.2 1 0
defs.dev/schema/functions/websocket/middleware.go:434.90,437.2 1 0
defs.dev/schema/functions/websocket/middleware.go:440.54,442.2 1 0
defs.dev/schema/functions/websocket/middleware.go:445.60,447.2 1 0
defs.dev/schema/functions/websocket/middleware.go:453.91,454.43 1 0
defs.dev/schema/functions/websocket/middleware.go:454.43,455.62 1 0
defs.dev/schema/functions/websocket/middleware.go:455.62,457.4 1 0
defs.dev/schema/functions/websocket/middleware.go:459.2,459.12 1 0
defs.dev/schema/functions/websocket/middleware.go:462.80,463.43 1 0
defs.dev/schema/functions/websocket/middleware.go:463.43,464.60 1 0
defs.dev/schema/functions/websocket/middleware.go:464.60,466.4 1 0
defs.dev/schema/functions/websocket/middleware.go:468.2,468.12 1 0
defs.dev/schema/functions/websocket/middleware.go:471.83,473.47 1 0
defs.dev/schema/functions/websocket/middleware.go:473.47,476.3 2 0
defs.dev/schema/functions/websocket/middleware.go:477.2,477.12 1 0
defs.dev/schema/functions/websocket/middleware.go:481.124,486.2 1 0
defs.dev/schema/functions/websocket/middleware.go:493.95,494.28 1 0
defs.dev/schema/functions/websocket/middleware.go:494.28,496.3 1 0
defs.dev/schema/functions/websocket/middleware.go:497.2,497.12 1 0
defs.dev/schema/functions/websocket/middleware.go:500.84,503.2 1 0
defs.dev/schema/functions/websocket/middleware.go:505.87,508.2 1 0
defs.dev/schema/functions/websocket/portal.go:16.112,18.19 1 1
defs.dev/schema/functions/websocket/portal.go:18.19,20.3 1 0
defs.dev/schema/functions/websocket/portal.go:21.2,21.23 1 1
defs.dev/schema/functions/websocket/portal.go:21.23,23.3 1 0
defs.dev/schema/functions/websocket/portal.go:26.2,27.9 2 1
defs.dev/schema/functions/websocket/portal.go:27.9,29.3 1 0
defs.dev/schema/functions/websocket/portal.go:32.2,33.16 2 1
defs.dev/schema/functions/websocket/portal.go:33.16,35.3 1 0
defs.dev/schema/functions/websocket/portal.go:38.2,42.8 1 1
defs.dev/schema/functions/websocket/portal.go:46.82,49.16 2 1
defs.dev/schema/functions/websocket/portal.go:49.16,51.3 1 0
defs.dev/schema/functions/websocket/portal.go:54.2,55.31 2 1
defs.dev/schema/functions/websocket/portal.go:55.31,57.3 1 0
defs.dev/schema/functions/websocket/portal.go:59.2,60.16 2 1
defs.dev/schema/functions/websocket/portal.go:60.16,62.3 1 0
defs.dev/schema/functions/websocket/portal.go:64.2,65.15 2 1
defs.dev/schema/functions/websocket/portal.go:65.15,66.22 1 0
defs.dev/schema/functions/websocket/portal.go:66.22,68.4 1 0
defs.dev/schema/functions/websocket/portal.go:68.9,70.4 1 0
defs.dev/schema/functions/websocket/portal.go:73.2,74.16 2 1
defs.dev/schema/functions/websocket/portal.go:74.16,76.3 1 0
defs.dev/schema/functions/websocket/portal.go:79.2,84.21 3 1
defs.dev/schema/functions/websocket/portal.go:88.45,90.2 1 1
defs.dev/schema/functions/websocket/portal.go:93.98,96.16 2 1
defs.dev/schema/functions/websocket/portal.go:96.16,98.3 1 0
defs.dev/schema/functions/websocket/portal.go:101.2,101.44 1 1
defs.dev/schema/functions/websocket/portal.go:101.44,103.3 1 0
defs.dev/schema/functions/websocket/portal.go:107.2,111.63 3 1
defs.dev/schema/functions/websocket/portal.go:111.63,113.3 1 1
defs.dev/schema/functions/websocket/portal.go:115.2,117.9 1 1
defs.dev/schema/functions/websocket/portal.go:123.65,124.31 1 1
defs.dev/schema/functions/websocket/portal.go:124.31,125.18 1 1
defs.dev/schema/functions/websocket/portal.go:125.18,127.4 1 1
defs.dev/schema/functions/websocket/portal.go:129.2,129.14 1 0
defs.dev/schema/functions/websocket/portal.go:133.64,135.2 1 1
defs.dev/schema/functions/websocket/portal.go:138.85,142.32 3 0
defs.dev/schema/functions/websocket/portal.go:142.32,144.3 1 0
defs.dev/schema/functions/websocket/portal.go:145.2,146.15 2 0
defs.dev/schema/functions/websocket/portal.go:152.41,154.44 2 1
defs.dev/schema/functions/websocket/portal.go:154.44,156.3 1 0
defs.dev/schema/functions/websocket/portal.go:159.2,159.38 1 1
defs.dev/schema/functions/websocket/portal.go:163.90,165.16 2 0
defs.dev/schema/functions/websocket/portal.go:165.16,167.3 1 0
defs.dev/schema/functions/websocket/portal.go:169.2,175.16 5 0
defs.dev/schema/functions/websocket/portal.go:175.16,176.22 1 0
defs.dev/schema/functions/websocket/portal.go:176.22,178.4 1 0
defs.dev/schema/functions/websocket/portal.go:178.9,180.4 1 0
defs.dev/schema/functions/websocket/portal.go:183.2,183.38 1 0
defs.dev/schema/functions/websocket/portal.go:187.44,189.16 2 0
defs.dev/schema/functions/websocket/portal.go:189.16,191.3 1 0
defs.dev/schema/functions/websocket/portal.go:193.2,193.59 1 0
defs.dev/schema/functions/websocket/portal.go:193.59,195.3 1 0
defs.dev/schema/functions/websocket/portal.go:197.2,197.26 1 0
defs.dev/schema/functions/websocket/portal.go:197.26,199.3 1 0
defs.dev/schema/functions/websocket/portal.go:201.2,201.12 1 0
defs.dev/schema/functions/websocket/portal.go:205.41,207.48 1 0
defs.dev/schema/functions/websocket/portal.go:207.48,209.3 1 0
defs.dev/schema/functions/websocket/portal.go:212.2,212.21 1 0
defs.dev/schema/functions/websocket/portal.go:212.21,215.3 2 0
defs.dev/schema/functions/websocket/portal.go:217.2,217.12 1 0
defs.dev/schema/functions/websocket/portal.go:221.62,246.2 6 0
defs.dev/schema/functions/websocket/portal.go:249.58,251.45 1 0
defs.dev/schema/functions/websocket/portal.go:251.45,253.3 1 0
defs.dev/schema/functions/websocket/portal.go:255.2,255.23 1 0
defs.dev/schema/functions/websocket/portal.go:255.23,257.3 1 0
defs.dev/schema/functions/websocket/portal.go:259.2,259.23 1 0
defs.dev/schema/functions/websocket/portal.go:259.23,261.3 1 0
defs.dev/schema/functions/websocket/portal.go:263.2,263.32 1 0
defs.dev/schema/functions/websocket/portal.go:263.32,265.3 1 0
defs.dev/schema/functions/websocket/portal.go:268.2,270.12 2 0
defs.dev/schema/functions/websocket/portal.go:274.46,276.2 1 0
defs.dev/schema/functions/websocket/portal.go:279.66,281.45 1 0
defs.dev/schema/functions/websocket/portal.go:281.45,283.3 1 0
defs.dev/schema/functions/websocket/portal.go:286.2,288.37 3 0
defs.dev/schema/functions/websocket/portal.go:288.37,289.10 1 0
defs.dev/schema/functions/websocket/portal.go:290.30,291.26 1 0
defs.dev/schema/functions/websocket/portal.go:292.11,292.11 0 0
defs.dev/schema/functions/websocket/portal.go:296.2,299.30 3 0
defs.dev/schema/functions/websocket/portal.go:299.30,301.3 1 0
defs.dev/schema/functions/websocket/portal.go:303.2,303.12 1 0
defs.dev/schema/functions/websocket/portal.go:307.63,310.37 3 0
defs.dev/schema/functions/websocket/portal.go:310.37,321.3 4 0
defs.dev/schema/functions/websocket/portal.go:323.2,324.37 2 0
defs.dev/schema/functions/websocket/portal.go:324.37,330.3 1 0
defs.dev/schema/functions/websocket/portal.go:331.2,338.3 2 0
defs.dev/schema/functions/websocket/server.go:18.47,19.21 1 1
defs.dev/schema/functions/websocket/server.go:19.21,21.3 1 0
defs.dev/schema/functions/websocket/server.go:24.2,49.12 6 1
defs.dev/schema/functions/websocket/server.go:49.12,51.32 2 1
defs.dev/schema/functions/websocket/server.go:51.32,53.4 1 0
defs.dev/schema/functions/websocket/server.go:53.9,55.4 1 1
defs.dev/schema/functions/websocket/server.go:57.3,57.48 1 1
defs.dev/schema/functions/websocket/server.go:57.48,59.4 1 0
defs.dev/schema/functions/websocket/server.go:63.2,63.26 1 1
defs.dev/schema/functions/websocket/server.go:67.65,68.21 1 1
defs.dev/schema/functions/websocket/server.go:68.21,70.3 1 0
defs.dev/schema/functions/websocket/server.go:73.2,74.37 2 1
defs.dev/schema/functions/websocket/server.go:74.37,77.3 2 1
defs.dev/schema/functions/websocket/server.go:78.2,84.12 5 1
defs.dev/schema/functions/websocket/server.go:88.49,90.35 2 1
defs.dev/schema/functions/websocket/server.go:90.35,91.26 1 1
defs.dev/schema/functions/websocket/server.go:91.26,93.4 1 1
defs.dev/schema/functions/websocket/server.go:94.3,94.37 1 0
defs.dev/schema/functions/websocket/server.go:96.2,96.97 1 0
defs.dev/schema/functions/websocket/server.go:100.50,101.21 1 1
defs.dev/schema/functions/websocket/server.go:101.21,103.3 1 0
defs.dev/schema/functions/websocket/server.go:106.2,108.16 3 1
defs.dev/schema/functions/websocket/server.go:108.16,110.3 1 0
defs.dev/schema/functions/websocket/server.go:111.2,112.13 2 1
defs.dev/schema/functions/websocket/server.go:116.83,119.16 2 1
defs.dev/schema/functions/websocket/server.go:119.16,122.3 2 0
defs.dev/schema/functions/websocket/server.go:125.2,128.42 2 1
defs.dev/schema/functions/websocket/server.go:128.42,129.62 1 1
defs.dev/schema/functions/websocket/server.go:129.62,132.4 2 0
defs.dev/schema/functions/websocket/server.go:136.2,136.31 1 1
defs.dev/schema/functions/websocket/server.go:140.119,161.46 7 1
defs.dev/schema/functions/websocket/server.go:161.46,165.3 3 0
defs.dev/schema/functions/websocket/server.go:167.2,167.46 1 1
defs.dev/schema/functions/websocket/server.go:167.46,171.3 3 0
defs.dev/schema/functions/websocket/server.go:174.2,178.15 4 1
defs.dev/schema/functions/websocket/server.go:182.71,187.31 3 1
defs.dev/schema/functions/websocket/server.go:187.31,191.13 3 1
defs.dev/schema/functions/websocket/server.go:191.13,192.8 1 1
defs.dev/schema/functions/websocket/server.go:192.8,193.12 1 1
defs.dev/schema/functions/websocket/server.go:194.25,195.45 1 0
defs.dev/schema/functions/websocket/server.go:195.45,197.7 1 0
defs.dev/schema/functions/websocket/server.go:198.32,199.12 1 1
defs.dev/schema/functions/websocket/server.go:206.2,206.6 1 1
defs.dev/schema/functions/websocket/server.go:206.6,207.10 1 1
defs.dev/schema/functions/websocket/server.go:208.30,209.10 1 1
defs.dev/schema/functions/websocket/server.go:210.11,213.18 2 1
defs.dev/schema/functions/websocket/server.go:213.18,214.104 1 1
defs.dev/schema/functions/websocket/server.go:214.104,216.6 1 0
defs.dev/schema/functions/websocket/server.go:217.5,217.11 1 1
defs.dev/schema/functions/websocket/server.go:221.4,225.44 3 1
defs.dev/schema/functions/websocket/server.go:225.44,226.13 1 0
defs.dev/schema/functions/websocket/server.go:230.4,231.53 2 1
defs.dev/schema/functions/websocket/server.go:231.53,233.13 2 0
defs.dev/schema/functions/websocket/server.go:237.4,237.35 1 1
defs.dev/schema/functions/websocket/server.go:243.83,247.42 2 1
defs.dev/schema/functions/websocket/server.go:247.42,248.62 1 1
defs.dev/schema/functions/websocket/server.go:248.62,251.4 2 0
defs.dev/schema/functions/websocket/server.go:255.2,255.18 1 1
defs.dev/schema/functions/websocket/server.go:256.23,258.34 2 1
defs.dev/schema/functions/websocket/server.go:259.27,261.30 2 1
defs.dev/schema/functions/websocket/server.go:262.24,264.27 2 1
defs.dev/schema/functions/websocket/server.go:265.27,267.38 2 0
defs.dev/schema/functions/websocket/server.go:268.23,270.26 2 1
defs.dev/schema/functions/websocket/server.go:271.23,273.26 2 1
defs.dev/schema/functions/websocket/server.go:274.10,276.86 2 0
defs.dev/schema/functions/websocket/server.go:281.87,287.13 4 1
defs.dev/schema/functions/websocket/server.go:287.13,294.3 2 0
defs.dev/schema/functions/websocket/server.go:297.2,298.33 2 1
defs.dev/schema/functions/websocket/server.go:298.33,302.3 3 1
defs.dev/schema/functions/websocket/server.go:304.2,305.16 2 1
defs.dev/schema/functions/websocket/server.go:305.16,307.53 1 1
defs.dev/schema/functions/websocket/server.go:307.53,309.4 1 1
defs.dev/schema/functions/websocket/server.go:309.9,311.4 1 0
defs.dev/schema/functions/websocket/server.go:312.3,312.9 1 1
defs.dev/schema/functions/websocket/server.go:316.2,325.31 2 1
defs.dev/schema/functions/websocket/server.go:329.83,336.12 5 1
defs.dev/schema/functions/websocket/server.go:336.12,338.10 2 1
defs.dev/schema/functions/websocket/server.go:339.18,340.76 1 1
defs.dev/schema/functions/websocket/server.go:341.34,342.67 1 0
defs.dev/schema/functions/websocket/server.go:344.8,346.3 1 0
defs.dev/schema/functions/websocket/server.go:350.80,355.12 4 1
defs.dev/schema/functions/websocket/server.go:355.12,356.10 1 1
defs.dev/schema/functions/websocket/server.go:357.18,357.18 0 1
defs.dev/schema/functions/websocket/server.go:358.34,358.34 0 0
defs.dev/schema/functions/websocket/server.go:365.91,372.2 1 0
defs.dev/schema/functions/websocket/server.go:375.79,387.16 4 1
defs.dev/schema/functions/websocket/server.go:387.16,389.3 1 0
defs.dev/schema/functions/websocket/server.go:389.8,391.3 1 1
defs.dev/schema/functions/websocket/server.go:395.79,401.12 4 1
defs.dev/schema/functions/websocket/server.go:401.12,402.10 1 1
defs.dev/schema/functions/websocket/server.go:403.18,403.18 0 1
defs.dev/schema/functions/websocket/server.go:404.34,404.34 0 0
defs.dev/schema/functions/websocket/server.go:411.86,413.16 2 1
defs.dev/schema/functions/websocket/server.go:413.16,415.3 1 0
defs.dev/schema/functions/websocket/server.go:417.2,418.60 2 1
defs.dev/schema/functions/websocket/server.go:422.93,425.52 2 1
defs.dev/schema/functions/websocket/server.go:425.52,431.3 1 1
defs.dev/schema/functions/websocket/server.go:431.8,431.57 1 0
defs.dev/schema/functions/websocket/server.go:431.57,437.3 1 0
defs.dev/schema/functions/websocket/server.go:437.8,443.3 1 0
defs.dev/schema/functions/websocket/server.go:445.2,454.31 2 1
defs.dev/schema/functions/websocket/server.go:458.69,461.2 2 0
defs.dev/schema/functions/websocket/server.go:464.85,466.42 1 1
defs.dev/schema/functions/websocket/server.go:466.42,468.3 1 1
defs.dev/schema/functions/websocket/server.go:471.2,481.69 6 1
defs.dev/schema/functions/websocket/server.go:485.57,487.2 1 1
defs.dev/schema/functions/websocket/server.go:490.53,493.2 1 1
defs.dev/schema/functions/websocket/server.go:496.145,511.2 5 1
defs.dev/schema/functions/websocket/server.go:514.77,519.41 1 1
defs.dev/schema/functions/websocket/server.go:519.41,521.3 1 1
defs.dev/schema/functions/websocket/server.go:521.8,521.49 1 0
defs.dev/schema/functions/websocket/server.go:521.49,523.3 1 0
defs.dev/schema/functions/websocket/server.go:526.2,527.20 2 1
defs.dev/schema/functions/websocket/server.go:527.20,529.3 1 0
defs.dev/schema/functions/websocket/server.go:531.2,535.41 3 1
defs.dev/schema/functions/websocket/server.go:535.41,537.3 1 1
defs.dev/schema/functions/websocket/server.go:540.2,541.24 2 1
defs.dev/schema/functions/websocket/server.go:541.24,543.3 1 1
defs.dev/schema/functions/websocket/server.go:545.2,545.18 1 0
defs.dev/schema/functions/websocket/server.go:549.53,551.31 2 1
defs.dev/schema/functions/websocket/server.go:551.31,553.3 1 0
defs.dev/schema/functions/websocket/server.go:554.2,554.89 1 1
defs.dev/schema/functions/websocket/server.go:558.61,563.37 4 1
defs.dev/schema/functions/websocket/server.go:563.37,577.3 4 1
defs.dev/schema/functions/websocket/server.go:579.2,579.20 1 1
defs.dev/schema/functions/websocket/types.go:49.29,57.49 1 1
defs.dev/schema/functions/websocket/types.go:57.49,57.64 1 0
defs.dev/schema/functions/websocket/types.go:158.121,160.2 1 1
defs.dev/schema/functions/websocket/types.go:163.67,165.2 1 0
defs.dev/schema/functions/websocket/types.go:168.52,170.2 1 0
defs.dev/schema/functions/websocket/types.go:180.123,185.2 1 0
defs.dev/schema/functions/websocket/types.go:188.69,190.2 1 0
defs.dev/schema/functions/websocket/types.go:193.54,195.2 1 0
defs.dev/schema/functions/websocket/types.go:209.42,210.11 1 1
defs.dev/schema/functions/websocket/types.go:211.33,212.22 1 0
defs.dev/schema/functions/websocket/types.go:213.32,214.21 1 1
defs.dev/schema/functions/websocket/types.go:215.30,216.19 1 0
defs.dev/schema/functions/websocket/types.go:217.29,218.18 1 0
defs.dev/schema/functions/websocket/types.go:219.28,220.17 1 0
defs.dev/schema/functions/websocket/types.go:221.10,222.19 1 0
